<?xml version="1.0" encoding="utf-8"?>
<CoverageSession xmlns:xsd="http://www.w3.org/2001/XMLSchema" xmlns:xsi="http://www.w3.org/2001/XMLSchema-instance" Version="4.7.922.0">
  <Summary numSequencePoints="77" visitedSequencePoints="59" numBranchPoints="19" visitedBranchPoints="13" sequenceCoverage="76.62" branchCoverage="68.42" maxCyclomaticComplexity="1" minCyclomaticComplexity="1" maxCrapScore="2" minCrapScore="1" visitedClasses="5" numClasses="5" visitedMethods="13" numMethods="19" />
  <Modules>
    <Module skippedDueTo="Filter" hash="58-BD-AB-C6-79-45-26-8A-DD-DB-04-BD-C6-FD-3C-BE-C7-BA-B2-04">
      <ModulePath>C:\WINDOWS\Microsoft.Net\assembly\GAC_32\mscorlib\v4.0_4.0.0.0__b77a5c561934e089\mscorlib.dll</ModulePath>
      <ModuleTime>2019-04-12T03:23:52.4261594Z</ModuleTime>
      <ModuleName>mscorlib</ModuleName>
      <Classes />
    </Module>
    <Module skippedDueTo="MissingPdb" hash="76-DC-A1-D3-FE-5A-F0-9D-29-FB-48-A8-D7-74-2F-56-0E-12-CE-41">
      <ModulePath>C:\Program Files (x86)\Microsoft Visual Studio\2017\TestAgent\Common7\IDE\CommonExtensions\Microsoft\TestWindow\vstest.console.exe</ModulePath>
      <ModuleTime>2019-07-18T12:01:09.0512471Z</ModuleTime>
      <ModuleName>vstest.console</ModuleName>
      <Classes />
    </Module>
    <Module skippedDueTo="MissingPdb" hash="E0-C6-21-AD-72-08-4C-63-C5-1E-96-12-52-C2-12-7E-2D-DB-C0-9D">
      <ModulePath>C:\Program Files (x86)\Microsoft Visual Studio\2017\TestAgent\Common7\IDE\CommonExtensions\Microsoft\TestWindow\Microsoft.VisualStudio.TestPlatform.Common.dll</ModulePath>
      <ModuleTime>2019-07-18T12:01:09.0512471Z</ModuleTime>
      <ModuleName>Microsoft.VisualStudio.TestPlatform.Common</ModuleName>
      <Classes />
    </Module>
    <Module skippedDueTo="MissingPdb" hash="E2-A0-50-2F-CB-BC-76-E7-5A-FB-F0-00-B3-15-0D-10-F1-7C-1C-9C">
      <ModulePath>C:\Program Files (x86)\Microsoft Visual Studio\2017\TestAgent\Common7\IDE\CommonExtensions\Microsoft\TestWindow\Microsoft.VisualStudio.TestPlatform.ObjectModel.dll</ModulePath>
      <ModuleTime>2019-07-18T12:01:09.0512471Z</ModuleTime>
      <ModuleName>Microsoft.VisualStudio.TestPlatform.ObjectModel</ModuleName>
      <Classes />
    </Module>
    <Module skippedDueTo="Filter" hash="16-77-DE-D6-0A-A0-30-C8-87-DD-6B-9A-57-71-F2-E5-9C-0F-90-2F">
      <ModulePath>C:\WINDOWS\Microsoft.Net\assembly\GAC_MSIL\System.ComponentModel.Composition\v4.0_4.0.0.0__b77a5c561934e089\System.ComponentModel.Composition.dll</ModulePath>
      <ModuleTime>2018-09-15T07:29:50.357209Z</ModuleTime>
      <ModuleName>System.ComponentModel.Composition</ModuleName>
      <Classes />
    </Module>
    <Module skippedDueTo="Filter" hash="B9-05-2F-F0-B5-34-29-CD-73-A5-65-7D-D6-7B-7B-2F-20-82-C5-E4">
      <ModulePath>C:\WINDOWS\Microsoft.Net\assembly\GAC_MSIL\System.Core\v4.0_4.0.0.0__b77a5c561934e089\System.Core.dll</ModulePath>
      <ModuleTime>2019-04-12T03:23:54.6912506Z</ModuleTime>
      <ModuleName>System.Core</ModuleName>
      <Classes />
    </Module>
    <Module skippedDueTo="MissingPdb" hash="CC-17-40-13-03-79-89-4D-10-C8-46-F5-34-76-A8-2B-1E-1C-C7-46">
      <ModulePath>C:\Program Files (x86)\Microsoft Visual Studio\2017\TestAgent\Common7\IDE\CommonExtensions\Microsoft\TestWindow\Microsoft.VisualStudio.TestPlatform.Utilities.dll</ModulePath>
      <ModuleTime>2019-07-18T12:01:09.0512471Z</ModuleTime>
      <ModuleName>Microsoft.VisualStudio.TestPlatform.Utilities</ModuleName>
      <Classes />
    </Module>
    <Module skippedDueTo="Filter" hash="B2-06-7D-FB-E9-C5-90-1F-12-4D-6E-5D-37-9A-91-73-FE-58-BB-39">
      <ModulePath>C:\WINDOWS\Microsoft.Net\assembly\GAC_MSIL\System\v4.0_4.0.0.0__b77a5c561934e089\System.dll</ModulePath>
      <ModuleTime>2019-04-12T03:23:53.0353896Z</ModuleTime>
      <ModuleName>System</ModuleName>
      <Classes />
    </Module>
    <Module skippedDueTo="Filter" hash="41-E7-52-4E-E7-9F-10-43-54-6F-CE-76-44-7B-9F-E0-F1-33-EE-FD">
      <ModulePath>C:\WINDOWS\Microsoft.Net\assembly\GAC_MSIL\System.Configuration\v4.0_4.0.0.0__b03f5f7f11d50a3a\System.Configuration.dll</ModulePath>
      <ModuleTime>2019-03-26T05:29:38.2847454Z</ModuleTime>
      <ModuleName>System.Configuration</ModuleName>
      <Classes />
    </Module>
    <Module skippedDueTo="Filter" hash="85-2C-0C-0A-04-8A-78-D5-6F-4B-42-A6-C8-C4-51-D2-38-81-DF-A9">
      <ModulePath>C:\WINDOWS\Microsoft.Net\assembly\GAC_MSIL\System.Xml\v4.0_4.0.0.0__b77a5c561934e089\System.Xml.dll</ModulePath>
      <ModuleTime>2018-09-15T07:29:49.15399Z</ModuleTime>
      <ModuleName>System.Xml</ModuleName>
      <Classes />
    </Module>
    <Module skippedDueTo="MissingPdb" hash="CD-35-9D-AB-E9-9C-1B-D4-AB-C8-FD-C2-FE-03-A2-19-54-42-8C-BB">
      <ModulePath>C:\Program Files (x86)\Microsoft Visual Studio\2017\TestAgent\Common7\IDE\CommonExtensions\Microsoft\TestWindow\Microsoft.VisualStudio.TestPlatform.Client.dll</ModulePath>
      <ModuleTime>2019-07-18T12:01:09.0512471Z</ModuleTime>
      <ModuleName>Microsoft.VisualStudio.TestPlatform.Client</ModuleName>
      <Classes />
    </Module>
    <Module skippedDueTo="Filter" hash="A7-1C-64-43-B0-60-7F-B4-45-06-45-27-35-FE-A0-AF-96-25-AB-35">
      <ModulePath>C:\WINDOWS\Microsoft.Net\assembly\GAC_MSIL\System.ServiceModel\v4.0_4.0.0.0__b77a5c561934e089\System.ServiceModel.dll</ModulePath>
      <ModuleTime>2019-03-26T05:29:40.2028295Z</ModuleTime>
      <ModuleName>System.ServiceModel</ModuleName>
      <Classes />
    </Module>
    <Module skippedDueTo="MissingPdb" hash="0C-F2-85-B5-DF-90-CE-C0-B3-BC-83-6F-8F-7E-81-BB-C2-5F-40-8F">
      <ModulePath>C:\Program Files (x86)\Microsoft Visual Studio\2017\TestAgent\Common7\IDE\CommonExtensions\Microsoft\TestWindow\Microsoft.VisualStudio.QualityTools.ExecutionCommon.dll</ModulePath>
      <ModuleTime>2019-07-18T12:01:09.0512471Z</ModuleTime>
      <ModuleName>Microsoft.VisualStudio.QualityTools.ExecutionCommon</ModuleName>
      <Classes />
    </Module>
    <Module skippedDueTo="MissingPdb" hash="FA-BD-0B-0B-D4-8D-FE-FE-01-CD-D7-5F-3C-1C-42-09-1C-A8-0E-5E">
      <ModulePath>C:\Program Files (x86)\Microsoft Visual Studio\2017\TestAgent\Common7\IDE\CommonExtensions\Microsoft\TestWindow\Microsoft.VisualStudio.QualityTools.Common.dll</ModulePath>
      <ModuleTime>2019-07-18T12:01:09.0512471Z</ModuleTime>
      <ModuleName>Microsoft.VisualStudio.QualityTools.Common</ModuleName>
      <Classes />
    </Module>
    <Module skippedDueTo="Filter" hash="E2-1F-F9-B3-02-3C-58-DD-BF-FA-FF-9D-8C-F3-7B-AA-70-07-1A-90">
      <ModulePath>C:\WINDOWS\Microsoft.Net\assembly\GAC_MSIL\System.Runtime.Serialization\v4.0_4.0.0.0__b77a5c561934e089\System.Runtime.Serialization.dll</ModulePath>
      <ModuleTime>2019-03-26T05:29:38.1152227Z</ModuleTime>
      <ModuleName>System.Runtime.Serialization</ModuleName>
      <Classes />
    </Module>
    <Module skippedDueTo="MissingPdb" hash="8F-7D-4B-79-B2-87-08-B6-2C-5E-D1-5C-D4-29-8C-26-E8-4E-F1-42">
      <ModulePath>C:\Program Files (x86)\Microsoft Visual Studio\2017\TestAgent\Common7\IDE\CommonExtensions\Microsoft\TestWindow\Microsoft.VisualStudio.TestPlatform.Core.dll</ModulePath>
      <ModuleTime>2019-07-18T12:01:09.0512471Z</ModuleTime>
      <ModuleName>Microsoft.VisualStudio.TestPlatform.Core</ModuleName>
      <Classes />
    </Module>
    <Module skippedDueTo="Filter" hash="FC-70-44-96-F7-B3-7E-8C-B8-B1-3F-38-40-ED-C9-85-39-2B-6A-8A">
      <ModulePath>C:\WINDOWS\Microsoft.Net\assembly\GAC_32\System.Transactions\v4.0_4.0.0.0__b77a5c561934e089\System.Transactions.dll</ModulePath>
      <ModuleTime>2019-03-26T05:29:38.8471324Z</ModuleTime>
      <ModuleName>System.Transactions</ModuleName>
      <Classes />
    </Module>
    <Module skippedDueTo="MissingPdb" hash="">
      <ModulePath>RefEmit_InMemoryManifestModule</ModulePath>
      <ModuleTime>0001-01-01T00:00:00</ModuleTime>
      <ModuleName>MetadataViewProxies_e7883e38-8461-4799-8055-e8f88483c6be</ModuleName>
      <Classes />
    </Module>
    <Module skippedDueTo="MissingPdb" hash="D7-51-82-07-9A-07-D9-1E-67-C9-2A-77-C3-1C-DA-D9-3C-93-93-FF">
      <ModulePath>C:\Program Files (x86)\Microsoft Visual Studio\2017\TestAgent\Common7\IDE\Extensions\TestPlatform\vstest.console.exe</ModulePath>
      <ModuleTime>2019-07-18T12:01:09.0512471Z</ModuleTime>
      <ModuleName>vstest.console</ModuleName>
      <Classes />
    </Module>
    <Module skippedDueTo="MissingPdb" hash="A3-90-07-AC-12-DE-02-9B-A0-6C-7B-AC-AD-90-A8-56-43-46-3D-73">
      <ModulePath>C:\Program Files (x86)\Microsoft Visual Studio\2017\TestAgent\Common7\IDE\Extensions\TestPlatform\Microsoft.TestPlatform.CoreUtilities.dll</ModulePath>
      <ModuleTime>2019-07-18T12:01:09.0512471Z</ModuleTime>
      <ModuleName>Microsoft.TestPlatform.CoreUtilities</ModuleName>
      <Classes />
    </Module>
    <Module skippedDueTo="Filter" hash="B2-06-7D-FB-E9-C5-90-1F-12-4D-6E-5D-37-9A-91-73-FE-58-BB-39">
      <ModulePath>C:\WINDOWS\Microsoft.Net\assembly\GAC_MSIL\System\v4.0_4.0.0.0__b77a5c561934e089\System.dll</ModulePath>
      <ModuleTime>2019-04-12T03:23:53.0353896Z</ModuleTime>
      <ModuleName>System</ModuleName>
      <Classes />
    </Module>
    <Module skippedDueTo="MissingPdb" hash="AF-54-9A-E2-4A-80-73-C8-D8-94-66-14-8F-99-BE-90-8C-43-09-B2">
      <ModulePath>C:\Program Files (x86)\Microsoft Visual Studio\2017\TestAgent\Common7\IDE\Extensions\TestPlatform\Microsoft.VisualStudio.TestPlatform.ObjectModel.dll</ModulePath>
      <ModuleTime>2019-07-18T12:01:09.0512471Z</ModuleTime>
      <ModuleName>Microsoft.VisualStudio.TestPlatform.ObjectModel</ModuleName>
      <Classes />
    </Module>
    <Module skippedDueTo="MissingPdb" hash="00-E1-98-E7-8E-E6-2C-0F-BB-5F-38-49-E2-AB-F1-7D-C6-25-3A-C3">
      <ModulePath>C:\Program Files (x86)\Microsoft Visual Studio\2017\TestAgent\Common7\IDE\Extensions\TestPlatform\Microsoft.VisualStudio.TestPlatform.Client.dll</ModulePath>
      <ModuleTime>2019-07-18T12:01:09.0512471Z</ModuleTime>
      <ModuleName>Microsoft.VisualStudio.TestPlatform.Client</ModuleName>
      <Classes />
    </Module>
    <Module skippedDueTo="MissingPdb" hash="1E-8F-81-63-96-77-27-6B-1B-66-D2-7A-BA-54-FE-78-EF-30-3A-B7">
      <ModulePath>C:\Program Files (x86)\Microsoft Visual Studio\2017\TestAgent\Common7\IDE\Extensions\TestPlatform\Microsoft.VisualStudio.TestPlatform.Common.dll</ModulePath>
      <ModuleTime>2019-07-18T12:01:09.0512471Z</ModuleTime>
      <ModuleName>Microsoft.VisualStudio.TestPlatform.Common</ModuleName>
      <Classes />
    </Module>
    <Module skippedDueTo="Filter" hash="B9-05-2F-F0-B5-34-29-CD-73-A5-65-7D-D6-7B-7B-2F-20-82-C5-E4">
      <ModulePath>C:\WINDOWS\Microsoft.Net\assembly\GAC_MSIL\System.Core\v4.0_4.0.0.0__b77a5c561934e089\System.Core.dll</ModulePath>
      <ModuleTime>2019-04-12T03:23:54.6912506Z</ModuleTime>
      <ModuleName>System.Core</ModuleName>
      <Classes />
    </Module>
    <Module skippedDueTo="MissingPdb" hash="CE-A4-16-89-7A-C5-87-8F-B1-22-C4-94-C9-41-B8-86-35-4A-47-B6">
      <ModulePath>C:\Program Files (x86)\Microsoft Visual Studio\2017\TestAgent\Common7\IDE\Extensions\TestPlatform\Microsoft.TestPlatform.PlatformAbstractions.dll</ModulePath>
      <ModuleTime>2019-07-18T12:01:09.0512471Z</ModuleTime>
      <ModuleName>Microsoft.TestPlatform.PlatformAbstractions</ModuleName>
      <Classes />
    </Module>
    <Module skippedDueTo="Filter" hash="85-2C-0C-0A-04-8A-78-D5-6F-4B-42-A6-C8-C4-51-D2-38-81-DF-A9">
      <ModulePath>C:\WINDOWS\Microsoft.Net\assembly\GAC_MSIL\System.Xml\v4.0_4.0.0.0__b77a5c561934e089\System.Xml.dll</ModulePath>
      <ModuleTime>2018-09-15T07:29:49.15399Z</ModuleTime>
      <ModuleName>System.Xml</ModuleName>
      <Classes />
    </Module>
    <Module skippedDueTo="MissingPdb" hash="7B-1C-F0-82-36-00-14-41-95-AF-EF-76-E8-02-BF-A8-26-4D-12-DF">
      <ModulePath>C:\Program Files (x86)\Microsoft Visual Studio\2017\TestAgent\Common7\IDE\Extensions\TestPlatform\Microsoft.TestPlatform.Utilities.dll</ModulePath>
      <ModuleTime>2019-07-18T12:01:09.0512471Z</ModuleTime>
      <ModuleName>Microsoft.TestPlatform.Utilities</ModuleName>
      <Classes />
    </Module>
    <Module skippedDueTo="Filter" hash="41-E7-52-4E-E7-9F-10-43-54-6F-CE-76-44-7B-9F-E0-F1-33-EE-FD">
      <ModulePath>C:\WINDOWS\Microsoft.Net\assembly\GAC_MSIL\System.Configuration\v4.0_4.0.0.0__b03f5f7f11d50a3a\System.Configuration.dll</ModulePath>
      <ModuleTime>2019-03-26T05:29:38.2847454Z</ModuleTime>
      <ModuleName>System.Configuration</ModuleName>
      <Classes />
    </Module>
    <Module skippedDueTo="MissingPdb" hash="87-C9-B3-E5-03-91-DB-14-52-C9-89-A5-66-37-2B-AD-1F-3A-3A-41">
      <ModulePath>C:\Program Files (x86)\Microsoft Visual Studio\2017\TestAgent\Common7\IDE\Extensions\TestPlatform\Microsoft.TestPlatform.CrossPlatEngine.dll</ModulePath>
      <ModuleTime>2019-07-18T12:01:09.0512471Z</ModuleTime>
      <ModuleName>Microsoft.TestPlatform.CrossPlatEngine</ModuleName>
      <Classes />
    </Module>
    <Module skippedDueTo="MissingPdb" hash="9B-CA-2F-91-DE-0A-B9-1C-24-F3-04-BD-B8-0E-A9-6C-36-CF-02-F6">
      <ModulePath>C:\Program Files (x86)\Microsoft Visual Studio\2017\TestAgent\Common7\IDE\Extensions\TestPlatform\Extensions\Microsoft.TestPlatform.Extensions.BlameDataCollector.dll</ModulePath>
      <ModuleTime>2019-07-18T12:01:09.0512471Z</ModuleTime>
      <ModuleName>Microsoft.TestPlatform.Extensions.BlameDataCollector</ModuleName>
      <Classes />
    </Module>
    <Module skippedDueTo="MissingPdb" hash="39-21-B7-6E-A8-48-8E-1A-49-9B-59-B1-CE-98-46-18-AD-A8-D7-E0">
      <ModulePath>C:\Program Files (x86)\Microsoft Visual Studio\2017\TestAgent\Common7\IDE\Extensions\TestPlatform\Extensions\Microsoft.TestPlatform.Extensions.EventLogCollector.dll</ModulePath>
      <ModuleTime>2019-07-18T12:01:09.0512471Z</ModuleTime>
      <ModuleName>Microsoft.TestPlatform.Extensions.EventLogCollector</ModuleName>
      <Classes />
    </Module>
    <Module skippedDueTo="MissingPdb" hash="C1-3D-A0-B1-60-FB-7F-46-A5-B8-4A-07-70-38-F9-EE-21-F8-AB-E4">
      <ModulePath>C:\Program Files (x86)\Microsoft Visual Studio\2017\TestAgent\Common7\IDE\Extensions\TestPlatform\Extensions\Microsoft.TestPlatform.TestHostRuntimeProvider.dll</ModulePath>
      <ModuleTime>2019-07-18T12:01:09.0512471Z</ModuleTime>
      <ModuleName>Microsoft.TestPlatform.TestHostRuntimeProvider</ModuleName>
      <Classes />
    </Module>
    <Module skippedDueTo="MissingPdb" hash="40-4C-96-0F-70-7C-47-B2-D6-D6-5C-98-26-3F-FA-D9-C2-FB-58-3D">
      <ModulePath>C:\Program Files (x86)\Microsoft Visual Studio\2017\TestAgent\Common7\IDE\Extensions\TestPlatform\Microsoft.VisualStudio.Coverage.Interop.dll</ModulePath>
      <ModuleTime>2019-07-18T12:01:09.0512471Z</ModuleTime>
      <ModuleName>Microsoft.VisualStudio.Coverage.Interop</ModuleName>
      <Classes />
    </Module>
    <Module skippedDueTo="MissingPdb" hash="31-BA-6E-B7-80-B7-1C-E8-B7-AD-6C-A4-9C-E7-A4-94-82-B6-3C-75">
      <ModulePath>C:\Program Files (x86)\Microsoft Visual Studio\2017\TestAgent\Common7\IDE\Extensions\TestPlatform\Extensions\Microsoft.VisualStudio.TestPlatform.Extensions.CodedWebTestAdapter.dll</ModulePath>
      <ModuleTime>2019-07-18T12:01:09.0512471Z</ModuleTime>
      <ModuleName>Microsoft.VisualStudio.TestPlatform.Extensions.CodedWebTestAdapter</ModuleName>
      <Classes />
    </Module>
    <Module skippedDueTo="MissingPdb" hash="ED-E7-48-2F-ED-0F-65-5F-31-AA-93-74-F2-5B-BB-44-E6-35-14-1B">
      <ModulePath>C:\Program Files (x86)\Microsoft Visual Studio\2017\TestAgent\Common7\IDE\Extensions\TestPlatform\Extensions\Microsoft.VisualStudio.TestPlatform.Extensions.TmiAdapter.dll</ModulePath>
      <ModuleTime>2019-07-18T12:01:09.0512471Z</ModuleTime>
      <ModuleName>Microsoft.VisualStudio.TestPlatform.Extensions.TmiAdapter</ModuleName>
      <Classes />
    </Module>
    <Module skippedDueTo="MissingPdb" hash="EE-98-1F-AE-FC-CC-0E-6D-71-15-3C-D2-8F-8A-9C-5F-05-2F-8C-14">
      <ModulePath>C:\Program Files (x86)\Microsoft Visual Studio\2017\TestAgent\Common7\IDE\Extensions\TestPlatform\Microsoft.VisualStudio.QualityTools.Common.dll</ModulePath>
      <ModuleTime>2019-07-18T12:01:09.0512471Z</ModuleTime>
      <ModuleName>Microsoft.VisualStudio.QualityTools.Common</ModuleName>
      <Classes />
    </Module>
    <Module skippedDueTo="MissingPdb" hash="4B-EB-6F-2E-A3-2F-04-02-C1-58-A2-36-49-9E-21-FA-94-89-9B-1C">
      <ModulePath>C:\Program Files (x86)\Microsoft Visual Studio\2017\TestAgent\Common7\IDE\Extensions\TestPlatform\Extensions\Microsoft.VisualStudio.TestPlatform.Extensions.GenericTestAdapter.dll</ModulePath>
      <ModuleTime>2019-07-18T12:01:09.0512471Z</ModuleTime>
      <ModuleName>Microsoft.VisualStudio.TestPlatform.Extensions.GenericTestAdapter</ModuleName>
      <Classes />
    </Module>
    <Module skippedDueTo="MissingPdb" hash="A9-E3-A6-03-AC-D5-36-FC-FC-8C-12-0C-C2-BD-63-F4-61-83-EA-E6">
      <ModulePath>C:\Program Files (x86)\Microsoft Visual Studio\2017\TestAgent\Common7\IDE\Extensions\TestPlatform\Extensions\Microsoft.VisualStudio.TestPlatform.Extensions.OrderedTestAdapter.dll</ModulePath>
      <ModuleTime>2019-07-18T12:01:09.0512471Z</ModuleTime>
      <ModuleName>Microsoft.VisualStudio.TestPlatform.Extensions.OrderedTestAdapter</ModuleName>
      <Classes />
    </Module>
    <Module skippedDueTo="MissingPdb" hash="B2-C1-15-98-2C-03-41-6E-54-02-BD-24-9D-29-AA-D9-5E-BA-4C-1C">
      <ModulePath>C:\Program Files (x86)\Microsoft Visual Studio\2017\TestAgent\Common7\IDE\Extensions\TestPlatform\Extensions\Microsoft.VisualStudio.TestPlatform.Extensions.Trx.TestLogger.dll</ModulePath>
      <ModuleTime>2019-07-18T12:01:09.0512471Z</ModuleTime>
      <ModuleName>Microsoft.VisualStudio.TestPlatform.Extensions.Trx.TestLogger</ModuleName>
      <Classes />
    </Module>
    <Module skippedDueTo="MissingPdb" hash="69-AF-C7-4C-7A-4B-C9-1F-FA-FE-21-BC-3B-9A-A0-78-60-1C-56-6A">
      <ModulePath>C:\Program Files (x86)\Microsoft Visual Studio\2017\TestAgent\Common7\IDE\Extensions\TestPlatform\Extensions\Microsoft.VisualStudio.TestPlatform.Extensions.VSTestIntegration.dll</ModulePath>
      <ModuleTime>2019-07-18T12:01:09.0512471Z</ModuleTime>
      <ModuleName>Microsoft.VisualStudio.TestPlatform.Extensions.VSTestIntegration</ModuleName>
      <Classes />
    </Module>
    <Module skippedDueTo="MissingPdb" hash="83-2C-91-AD-5D-F4-3A-DA-37-0F-EF-A2-2B-5C-41-11-96-B4-C0-C8">
      <ModulePath>C:\Program Files (x86)\Microsoft Visual Studio\2017\TestAgent\Common7\IDE\Extensions\TestPlatform\Microsoft.VisualStudio.QualityTools.UnitTestFramework.dll</ModulePath>
      <ModuleTime>2019-07-18T12:01:09.0512471Z</ModuleTime>
      <ModuleName>Microsoft.VisualStudio.QualityTools.UnitTestFramework</ModuleName>
      <Classes />
    </Module>
    <Module skippedDueTo="Filter" hash="81-DE-20-6D-F7-FE-B6-53-CF-0D-4F-C8-06-44-8E-18-D6-1D-D4-22">
      <ModulePath>C:\WINDOWS\Microsoft.Net\assembly\GAC_32\System.Data\v4.0_4.0.0.0__b77a5c561934e089\System.Data.dll</ModulePath>
      <ModuleTime>2019-03-26T05:29:38.8002653Z</ModuleTime>
      <ModuleName>System.Data</ModuleName>
      <Classes />
    </Module>
    <Module skippedDueTo="MissingPdb" hash="CE-5C-6A-88-85-83-5E-73-AA-D5-2C-D9-A5-F8-C0-80-85-1C-06-0B">
      <ModulePath>C:\Program Files (x86)\Microsoft Visual Studio\2017\TestAgent\Common7\IDE\Extensions\TestPlatform\Extensions\Microsoft.VisualStudio.TestPlatform.Extensions.WebTestAdapter.dll</ModulePath>
      <ModuleTime>2019-07-18T12:01:09.0512471Z</ModuleTime>
      <ModuleName>Microsoft.VisualStudio.TestPlatform.Extensions.WebTestAdapter</ModuleName>
      <Classes />
    </Module>
    <Module skippedDueTo="MissingPdb" hash="04-17-C9-F3-E2-69-FB-CA-15-6A-0B-EE-41-89-07-0E-14-E0-C4-B7">
      <ModulePath>C:\Program Files (x86)\Microsoft Visual Studio\2017\TestAgent\Common7\IDE\Extensions\TestPlatform\Extensions\Microsoft.VisualStudio.TestTools.CppUnitTestFramework.ComInterfaces.dll</ModulePath>
      <ModuleTime>2019-07-18T12:01:09.0512471Z</ModuleTime>
      <ModuleName>Microsoft.VisualStudio.TestTools.CppUnitTestFramework.ComInterfaces</ModuleName>
      <Classes />
    </Module>
    <Module skippedDueTo="MissingPdb" hash="D3-A4-5B-C1-B3-BD-F7-32-4F-DA-2A-9C-A4-DA-B1-10-C5-E0-E3-F6">
      <ModulePath>C:\Program Files (x86)\Microsoft Visual Studio\2017\TestAgent\Common7\IDE\Extensions\TestPlatform\Extensions\Microsoft.VisualStudio.TestTools.CppUnitTestFramework.CppUnitTestExtension.dll</ModulePath>
      <ModuleTime>2019-07-18T12:01:09.0512471Z</ModuleTime>
      <ModuleName>Microsoft.VisualStudio.TestTools.CppUnitTestFramework.CppUnitTestExtension</ModuleName>
      <Classes />
    </Module>
    <Module skippedDueTo="MissingPdb" hash="0B-47-A3-5A-D0-D4-F4-EB-ED-1D-6A-13-5E-FB-E0-F9-F3-5D-DC-1D">
      <ModulePath>C:\Program Files (x86)\Microsoft Visual Studio\2017\TestAgent\Common7\IDE\Extensions\TestPlatform\Extensions\Microsoft.VisualStudio.TestTools.DataCollection.MediaRecorder.Model.dll</ModulePath>
      <ModuleTime>2019-07-18T12:01:09.0512471Z</ModuleTime>
      <ModuleName>Microsoft.VisualStudio.TestTools.DataCollection.MediaRecorder.Model</ModuleName>
      <Classes />
    </Module>
    <Module skippedDueTo="MissingPdb" hash="20-E2-E4-F9-B2-42-4F-92-9D-55-7A-7D-C4-80-82-BD-FA-7C-25-1F">
      <ModulePath>C:\Program Files (x86)\Microsoft Visual Studio\2017\TestAgent\Common7\IDE\Extensions\TestPlatform\Extensions\Microsoft.VisualStudio.TestTools.DataCollection.VideoRecorderCollector.dll</ModulePath>
      <ModuleTime>2019-07-18T12:01:09.0512471Z</ModuleTime>
      <ModuleName>Microsoft.VisualStudio.TestTools.DataCollection.VideoRecorderCollector</ModuleName>
      <Classes />
    </Module>
    <Module skippedDueTo="MissingPdb" hash="05-C4-E6-5A-F5-F9-FE-86-E3-55-34-18-71-B4-3E-F9-2B-C7-33-E9">
      <ModulePath>C:\Program Files (x86)\Microsoft Visual Studio\2017\TestAgent\Common7\IDE\Extensions\TestPlatform\Extensions\Microsoft.VisualStudio.TraceDataCollector.dll</ModulePath>
      <ModuleTime>2019-07-18T12:01:09.0512471Z</ModuleTime>
      <ModuleName>Microsoft.VisualStudio.TraceDataCollector</ModuleName>
      <Classes />
    </Module>
    <Module skippedDueTo="MissingPdb" hash="5B-11-FA-D2-E6-84-25-1F-D8-B9-E8-BB-9E-95-24-5A-0A-61-02-80">
      <ModulePath>C:\Program Files (x86)\Microsoft Visual Studio\2017\TestAgent\Common7\IDE\Extensions\TestPlatform\Microsoft.VisualStudio.ArchitectureTools.PEReader.dll</ModulePath>
      <ModuleTime>2019-07-18T12:01:09.0512471Z</ModuleTime>
      <ModuleName>Microsoft.VisualStudio.ArchitectureTools.PEReader</ModuleName>
      <Classes />
    </Module>
    <Module skippedDueTo="MissingPdb" hash="2F-90-CC-F3-E2-93-D2-30-05-92-E8-15-EC-AC-17-47-B0-29-B8-F9">
      <ModulePath>C:\Program Files (x86)\Microsoft Visual Studio\2017\TestAgent\Common7\IDE\Extensions\TestPlatform\Microsoft.IntelliTrace.Core.dll</ModulePath>
      <ModuleTime>2019-07-18T12:01:09.0512471Z</ModuleTime>
      <ModuleName>Microsoft.IntelliTrace.Core</ModuleName>
      <Classes />
    </Module>
    <Module skippedDueTo="Filter" hash="A3-00-BC-74-ED-0E-A0-B7-23-F8-72-17-82-88-BD-BE-64-2F-02-47">
      <ModulePath>C:\Program Files (x86)\Microsoft Visual Studio\2017\TestAgent\Common7\IDE\Extensions\TestPlatform\System.Reflection.Metadata.dll</ModulePath>
      <ModuleTime>2019-07-18T12:01:09.0512471Z</ModuleTime>
      <ModuleName>System.Reflection.Metadata</ModuleName>
      <Classes />
    </Module>
    <Module skippedDueTo="Filter" hash="3B-F6-87-3A-32-21-E8-FB-AD-15-8D-AC-3B-E6-8A-17-0E-66-51-C2">
      <ModulePath>C:\WINDOWS\Microsoft.Net\assembly\GAC_MSIL\System.Runtime\v4.0_4.0.0.0__b03f5f7f11d50a3a\System.Runtime.dll</ModulePath>
      <ModuleTime>2018-09-15T07:29:50.357209Z</ModuleTime>
      <ModuleName>System.Runtime</ModuleName>
      <Classes />
    </Module>
    <Module skippedDueTo="Filter" hash="C1-B1-2D-4E-F6-19-FC-8F-0D-1D-8A-AB-55-50-F7-ED-E2-77-8D-47">
      <ModulePath>C:\WINDOWS\Microsoft.Net\assembly\GAC_MSIL\System.IO\v4.0_4.0.0.0__b03f5f7f11d50a3a\System.IO.dll</ModulePath>
      <ModuleTime>2018-09-15T07:29:51.9198309Z</ModuleTime>
      <ModuleName>System.IO</ModuleName>
      <Classes />
    </Module>
    <Module skippedDueTo="Filter" hash="43-EF-7F-ED-6A-8A-CB-EB-8B-00-F6-84-87-4D-29-32-6A-32-D6-B4">
      <ModulePath>C:\Program Files (x86)\Microsoft Visual Studio\2017\TestAgent\Common7\IDE\Extensions\TestPlatform\System.Collections.Immutable.dll</ModulePath>
      <ModuleTime>2019-07-18T12:01:09.0512471Z</ModuleTime>
      <ModuleName>System.Collections.Immutable</ModuleName>
      <Classes />
    </Module>
    <Module skippedDueTo="Filter" hash="44-F2-39-49-55-23-60-13-4F-3C-92-00-3B-80-72-8D-74-67-96-A7">
      <ModulePath>C:\WINDOWS\Microsoft.Net\assembly\GAC_MSIL\System.Reflection\v4.0_4.0.0.0__b03f5f7f11d50a3a\System.Reflection.dll</ModulePath>
      <ModuleTime>2018-09-15T07:29:48.9821005Z</ModuleTime>
      <ModuleName>System.Reflection</ModuleName>
      <Classes />
    </Module>
    <Module skippedDueTo="Filter" hash="9C-92-91-91-04-47-BD-09-1D-32-51-BD-38-96-9F-F0-22-97-63-90">
      <ModulePath>C:\WINDOWS\Microsoft.Net\assembly\GAC_MSIL\System.IO.FileSystem\v4.0_4.0.0.0__b03f5f7f11d50a3a\System.IO.FileSystem.dll</ModulePath>
      <ModuleTime>2018-09-15T07:29:50.357209Z</ModuleTime>
      <ModuleName>System.IO.FileSystem</ModuleName>
      <Classes />
    </Module>
    <Module skippedDueTo="Filter" hash="9F-D0-60-50-9B-74-56-CE-CE-3B-4B-32-1D-5C-6D-99-E5-8D-AB-9E">
      <ModulePath>C:\WINDOWS\Microsoft.Net\assembly\GAC_MSIL\System.IO.MemoryMappedFiles\v4.0_4.0.0.0__b03f5f7f11d50a3a\System.IO.MemoryMappedFiles.dll</ModulePath>
      <ModuleTime>2018-09-15T07:29:47.8570052Z</ModuleTime>
      <ModuleName>System.IO.MemoryMappedFiles</ModuleName>
      <Classes />
    </Module>
    <Module skippedDueTo="Filter" hash="23-6D-00-7F-D4-91-F4-D8-B1-0F-1C-37-C6-51-A7-73-8C-9B-E9-CE">
      <ModulePath>C:\WINDOWS\Microsoft.Net\assembly\GAC_MSIL\System.Runtime.Handles\v4.0_4.0.0.0__b03f5f7f11d50a3a\System.Runtime.Handles.dll</ModulePath>
      <ModuleTime>2018-09-15T07:29:47.8882586Z</ModuleTime>
      <ModuleName>System.Runtime.Handles</ModuleName>
      <Classes />
    </Module>
    <Module skippedDueTo="Filter" hash="0C-7C-BE-D2-D5-21-7B-AC-15-E7-E9-00-49-C8-C1-34-1A-2D-6B-0A">
      <ModulePath>C:\WINDOWS\Microsoft.Net\assembly\GAC_MSIL\System.Reflection.Extensions\v4.0_4.0.0.0__b03f5f7f11d50a3a\System.Reflection.Extensions.dll</ModulePath>
      <ModuleTime>2018-09-15T07:29:50.4197139Z</ModuleTime>
      <ModuleName>System.Reflection.Extensions</ModuleName>
      <Classes />
    </Module>
    <Module skippedDueTo="Filter" hash="48-34-70-FF-E5-1F-BB-B4-2D-6E-3A-55-DB-BC-ED-7F-ED-5D-24-CB">
      <ModulePath>C:\WINDOWS\Microsoft.Net\assembly\GAC_MSIL\System.Threading\v4.0_4.0.0.0__b03f5f7f11d50a3a\System.Threading.dll</ModulePath>
      <ModuleTime>2018-09-15T07:29:49.0446057Z</ModuleTime>
      <ModuleName>System.Threading</ModuleName>
      <Classes />
    </Module>
    <Module skippedDueTo="Filter" hash="1A-2C-E5-FB-32-1F-D7-B3-53-3E-D2-45-20-EB-88-4C-14-72-B4-27">
      <ModulePath>C:\WINDOWS\Microsoft.Net\assembly\GAC_MSIL\System.Text.Encoding\v4.0_4.0.0.0__b03f5f7f11d50a3a\System.Text.Encoding.dll</ModulePath>
      <ModuleTime>2018-09-15T07:29:50.3728353Z</ModuleTime>
      <ModuleName>System.Text.Encoding</ModuleName>
      <Classes />
    </Module>
    <Module skippedDueTo="Filter" hash="A9-D6-32-D5-93-F7-52-02-E2-B8-51-99-24-7F-8A-39-7D-56-F9-95">
      <ModulePath>C:\WINDOWS\Microsoft.Net\assembly\GAC_MSIL\System.Runtime.Extensions\v4.0_4.0.0.0__b03f5f7f11d50a3a\System.Runtime.Extensions.dll</ModulePath>
      <ModuleTime>2018-09-15T07:29:49.1854057Z</ModuleTime>
      <ModuleName>System.Runtime.Extensions</ModuleName>
      <Classes />
    </Module>
    <Module skippedDueTo="Filter" hash="98-46-09-6E-9D-59-71-82-3F-AA-6E-2F-06-A8-68-C7-F1-83-7C-2A">
      <ModulePath>C:\WINDOWS\Microsoft.Net\assembly\GAC_MSIL\System.Runtime.InteropServices\v4.0_4.0.0.0__b03f5f7f11d50a3a\System.Runtime.InteropServices.dll</ModulePath>
      <ModuleTime>2018-09-15T07:29:50.3728353Z</ModuleTime>
      <ModuleName>System.Runtime.InteropServices</ModuleName>
      <Classes />
    </Module>
    <Module skippedDueTo="Filter" hash="AD-4D-A2-CB-10-1C-2A-F9-20-06-6F-A2-C4-63-2E-42-3E-31-BC-25">
      <ModulePath>C:\WINDOWS\Microsoft.Net\assembly\GAC_MSIL\System.Text.Encoding.Extensions\v4.0_4.0.0.0__b03f5f7f11d50a3a\System.Text.Encoding.Extensions.dll</ModulePath>
      <ModuleTime>2018-09-15T07:29:51.9510833Z</ModuleTime>
      <ModuleName>System.Text.Encoding.Extensions</ModuleName>
      <Classes />
    </Module>
    <Module skippedDueTo="MissingPdb" hash="0C-88-1F-64-3D-58-D4-7A-83-7D-DF-38-2D-F5-75-27-B7-94-85-75">
      <ModulePath>C:\Program Files (x86)\Microsoft Visual Studio\2017\TestAgent\Common7\IDE\Extensions\TestPlatform\Microsoft.VisualStudio.TestPlatform.Fakes.dll</ModulePath>
      <ModuleTime>2019-07-18T12:01:09.0512471Z</ModuleTime>
      <ModuleName>Microsoft.VisualStudio.TestPlatform.Fakes</ModuleName>
      <Classes />
    </Module>
    <Module skippedDueTo="MissingPdb" hash="13-7F-4D-5E-EA-6A-A7-E2-9A-58-8C-4A-7F-2F-D1-7F-A4-B1-D9-AB">
      <ModulePath>C:\Program Files (x86)\Microsoft Visual Studio\2017\TestAgent\Common7\IDE\Extensions\TestPlatform\Microsoft.TestPlatform.CommunicationUtilities.dll</ModulePath>
      <ModuleTime>2019-07-18T12:01:09.0512471Z</ModuleTime>
      <ModuleName>Microsoft.TestPlatform.CommunicationUtilities</ModuleName>
      <Classes />
    </Module>
    <Module skippedDueTo="MissingPdb" hash="6B-0D-A7-56-17-A2-26-94-93-DC-1A-68-5D-7A-0B-07-F2-E4-8C-75">
      <ModulePath>C:\Program Files (x86)\Microsoft Visual Studio\2017\TestAgent\Common7\IDE\Extensions\TestPlatform\Newtonsoft.Json.dll</ModulePath>
      <ModuleTime>2019-07-18T12:01:09.0512471Z</ModuleTime>
      <ModuleName>Newtonsoft.Json</ModuleName>
      <Classes />
    </Module>
    <Module skippedDueTo="Filter" hash="16-77-DE-D6-0A-A0-30-C8-87-DD-6B-9A-57-71-F2-E5-9C-0F-90-2F">
      <ModulePath>C:\WINDOWS\Microsoft.Net\assembly\GAC_MSIL\System.ComponentModel.Composition\v4.0_4.0.0.0__b77a5c561934e089\System.ComponentModel.Composition.dll</ModulePath>
      <ModuleTime>2018-09-15T07:29:50.357209Z</ModuleTime>
      <ModuleName>System.ComponentModel.Composition</ModuleName>
      <Classes />
    </Module>
    <Module skippedDueTo="MissingPdb" hash="77-7E-AD-DD-84-38-12-0D-7F-89-4D-E3-82-31-29-9B-49-A8-FD-78">
      <ModulePath>C:\Program Files (x86)\Microsoft Visual Studio\2017\TestAgent\Common7\IDE\Extensions\TestPlatform\Microsoft.VisualStudio.QualityTools.ExecutionCommon.dll</ModulePath>
      <ModuleTime>2019-07-18T12:01:09.0512471Z</ModuleTime>
      <ModuleName>Microsoft.VisualStudio.QualityTools.ExecutionCommon</ModuleName>
      <Classes />
    </Module>
    <Module skippedDueTo="MissingPdb" hash="46-7F-8D-72-2F-40-7F-A9-CA-62-FE-23-A9-F3-F1-33-FD-12-37-EE">
      <ModulePath>C:\Program Files (x86)\Microsoft Visual Studio\2017\TestAgent\Common7\IDE\Extensions\TestPlatform\Microsoft.VisualStudio.QualityTools.Resource.dll</ModulePath>
      <ModuleTime>2019-07-18T12:01:09.0512471Z</ModuleTime>
      <ModuleName>Microsoft.VisualStudio.QualityTools.Resource</ModuleName>
      <Classes />
    </Module>
    <Module skippedDueTo="MissingPdb" hash="B9-FF-76-0F-3D-A8-25-45-B2-F9-40-07-A4-A4-FD-7D-1B-34-C4-FB">
      <ModulePath>C:\Program Files (x86)\Microsoft Visual Studio\2017\TestAgent\Common7\IDE\Extensions\TestPlatform\Microsoft.VisualStudio.QualityTools.WebTestFramework.dll</ModulePath>
      <ModuleTime>2019-07-18T12:01:09.0512471Z</ModuleTime>
      <ModuleName>Microsoft.VisualStudio.QualityTools.WebTestFramework</ModuleName>
      <Classes />
    </Module>
    <Module skippedDueTo="MissingPdb" hash="AF-54-9A-E2-4A-80-73-C8-D8-94-66-14-8F-99-BE-90-8C-43-09-B2">
      <ModulePath>C:\Program Files (x86)\Microsoft Visual Studio\2017\TestAgent\Common7\IDE\Extensions\TestPlatform\Microsoft.VisualStudio.TestPlatform.ObjectModel.dll</ModulePath>
      <ModuleTime>2019-07-18T12:01:09.0512471Z</ModuleTime>
      <ModuleName>Microsoft.VisualStudio.TestPlatform.ObjectModel</ModuleName>
      <Classes />
    </Module>
    <Module hash="77-58-E7-3D-E3-FE-9D-F4-A5-31-A4-F2-27-20-DA-86-54-7B-EF-6E">
      <Summary numSequencePoints="18" visitedSequencePoints="18" numBranchPoints="3" visitedBranchPoints="3" sequenceCoverage="100" branchCoverage="100" maxCyclomaticComplexity="1" minCyclomaticComplexity="1" maxCrapScore="2" minCrapScore="1" visitedClasses="1" numClasses="1" visitedMethods="3" numMethods="3" />
      <ModulePath>C:\Users\tejaswini.t\Sample.WiTronix.Web\Sample.WiTronix.Business.Test\bin\Debug\Sample.WiTronix.Business.Test.dll</ModulePath>
      <ModuleTime>2019-07-22T12:12:41.1284514Z</ModuleTime>
      <ModuleName>Sample.WiTronix.Business.Test</ModuleName>
      <Files>
        <File uid="1" fullPath="C:\Users\tejaswini.t\Sample.WiTronix.Web\Sample.WiTronix.Business.Test\UnitTest1.cs" />
      </Files>
      <Classes>
        <Class>
          <Summary numSequencePoints="0" visitedSequencePoints="0" numBranchPoints="0" visitedBranchPoints="0" sequenceCoverage="0" branchCoverage="0" maxCyclomaticComplexity="0" minCyclomaticComplexity="0" maxCrapScore="0" minCrapScore="0" visitedClasses="0" numClasses="0" visitedMethods="0" numMethods="0" />
          <FullName>&lt;Module&gt;</FullName>
          <Methods />
        </Class>
        <Class>
          <Summary numSequencePoints="18" visitedSequencePoints="18" numBranchPoints="3" visitedBranchPoints="3" sequenceCoverage="100" branchCoverage="100" maxCyclomaticComplexity="1" minCyclomaticComplexity="1" maxCrapScore="2" minCrapScore="1" visitedClasses="1" numClasses="1" visitedMethods="3" numMethods="3" />
          <FullName>Sample.WiTronix.Business.Test.UnitTest1</FullName>
          <Methods>
            <Method visited="true" cyclomaticComplexity="1" nPathComplexity="0" sequenceCoverage="100" branchCoverage="100" crapScore="1" isConstructor="false" isStatic="false" isGetter="false" isSetter="false">
              <Summary numSequencePoints="6" visitedSequencePoints="6" numBranchPoints="1" visitedBranchPoints="1" sequenceCoverage="100" branchCoverage="100" maxCyclomaticComplexity="1" minCyclomaticComplexity="1" maxCrapScore="1" minCrapScore="1" visitedClasses="0" numClasses="0" visitedMethods="1" numMethods="1" />
              <MetadataToken>100663297</MetadataToken>
              <Name>System.Void Sample.WiTronix.Business.Test.UnitTest1::Add_Test_Method()</Name>
              <FileRef uid="1" />
              <SequencePoints>
                <SequencePoint vc="1" uspid="1" ordinal="0" offset="0" sl="11" sc="9" el="11" ec="10" bec="0" bev="0" fileid="1" />
                <SequencePoint vc="1" uspid="2" ordinal="1" offset="1" sl="12" sc="13" el="12" ec="60" bec="0" bev="0" fileid="1" />
                <SequencePoint vc="1" uspid="3" ordinal="2" offset="7" sl="13" sc="13" el="13" ec="29" bec="0" bev="0" fileid="1" />
                <SequencePoint vc="1" uspid="4" ordinal="3" offset="10" sl="14" sc="13" el="14" ec="28" bec="0" bev="0" fileid="1" />
                <SequencePoint vc="1" uspid="5" ordinal="4" offset="12" sl="16" sc="13" el="16" ec="57" bec="0" bev="0" fileid="1" />
                <SequencePoint vc="1" uspid="6" ordinal="5" offset="28" sl="17" sc="9" el="17" ec="10" bec="0" bev="0" fileid="1" />
              </SequencePoints>
              <BranchPoints />
              <MethodPoint xsi:type="SequencePoint" vc="1" uspid="1" ordinal="0" offset="0" sl="11" sc="9" el="11" ec="10" bec="0" bev="0" fileid="1" />
            </Method>
            <Method visited="true" cyclomaticComplexity="1" nPathComplexity="0" sequenceCoverage="100" branchCoverage="100" crapScore="1" isConstructor="false" isStatic="false" isGetter="false" isSetter="false">
              <Summary numSequencePoints="6" visitedSequencePoints="6" numBranchPoints="1" visitedBranchPoints="1" sequenceCoverage="100" branchCoverage="100" maxCyclomaticComplexity="1" minCyclomaticComplexity="1" maxCrapScore="1" minCrapScore="1" visitedClasses="0" numClasses="0" visitedMethods="1" numMethods="1" />
              <MetadataToken>100663298</MetadataToken>
              <Name>System.Void Sample.WiTronix.Business.Test.UnitTest1::Sub_Test_Method1()</Name>
              <FileRef uid="1" />
              <SequencePoints>
                <SequencePoint vc="1" uspid="7" ordinal="0" offset="0" sl="21" sc="9" el="21" ec="10" bec="0" bev="0" fileid="1" />
                <SequencePoint vc="1" uspid="8" ordinal="1" offset="1" sl="22" sc="13" el="22" ec="60" bec="0" bev="0" fileid="1" />
                <SequencePoint vc="1" uspid="9" ordinal="2" offset="7" sl="23" sc="13" el="23" ec="29" bec="0" bev="0" fileid="1" />
                <SequencePoint vc="1" uspid="10" ordinal="3" offset="10" sl="24" sc="13" el="24" ec="28" bec="0" bev="0" fileid="1" />
                <SequencePoint vc="1" uspid="11" ordinal="4" offset="12" sl="26" sc="13" el="26" ec="60" bec="0" bev="0" fileid="1" />
                <SequencePoint vc="1" uspid="12" ordinal="5" offset="28" sl="27" sc="9" el="27" ec="10" bec="0" bev="0" fileid="1" />
              </SequencePoints>
              <BranchPoints />
              <MethodPoint xsi:type="SequencePoint" vc="1" uspid="7" ordinal="0" offset="0" sl="21" sc="9" el="21" ec="10" bec="0" bev="0" fileid="1" />
            </Method>
            <Method visited="true" cyclomaticComplexity="1" nPathComplexity="0" sequenceCoverage="100" branchCoverage="100" crapScore="1" isConstructor="false" isStatic="false" isGetter="false" isSetter="false">
              <Summary numSequencePoints="6" visitedSequencePoints="6" numBranchPoints="1" visitedBranchPoints="1" sequenceCoverage="100" branchCoverage="100" maxCyclomaticComplexity="1" minCyclomaticComplexity="1" maxCrapScore="1" minCrapScore="1" visitedClasses="0" numClasses="0" visitedMethods="1" numMethods="1" />
              <MetadataToken>100663299</MetadataToken>
              <Name>System.Void Sample.WiTronix.Business.Test.UnitTest1::Sub_Test_Method2()</Name>
              <FileRef uid="1" />
              <SequencePoints>
                <SequencePoint vc="1" uspid="13" ordinal="0" offset="0" sl="31" sc="9" el="31" ec="10" bec="0" bev="0" fileid="1" />
                <SequencePoint vc="1" uspid="14" ordinal="1" offset="1" sl="32" sc="13" el="32" ec="60" bec="0" bev="0" fileid="1" />
                <SequencePoint vc="1" uspid="15" ordinal="2" offset="7" sl="33" sc="13" el="33" ec="29" bec="0" bev="0" fileid="1" />
                <SequencePoint vc="1" uspid="16" ordinal="3" offset="10" sl="34" sc="13" el="34" ec="28" bec="0" bev="0" fileid="1" />
                <SequencePoint vc="1" uspid="17" ordinal="4" offset="12" sl="36" sc="13" el="36" ec="56" bec="0" bev="0" fileid="1" />
                <SequencePoint vc="1" uspid="18" ordinal="5" offset="27" sl="37" sc="9" el="37" ec="10" bec="0" bev="0" fileid="1" />
              </SequencePoints>
              <BranchPoints />
              <MethodPoint xsi:type="SequencePoint" vc="1" uspid="13" ordinal="0" offset="0" sl="31" sc="9" el="31" ec="10" bec="0" bev="0" fileid="1" />
            </Method>
            <Method visited="false" cyclomaticComplexity="1" nPathComplexity="0" sequenceCoverage="0" branchCoverage="0" crapScore="2" isConstructor="true" isStatic="false" isGetter="false" isSetter="false">
              <Summary numSequencePoints="0" visitedSequencePoints="0" numBranchPoints="0" visitedBranchPoints="0" sequenceCoverage="0" branchCoverage="0" maxCyclomaticComplexity="1" minCyclomaticComplexity="1" maxCrapScore="2" minCrapScore="2" visitedClasses="0" numClasses="0" visitedMethods="0" numMethods="0" />
              <MetadataToken>100663300</MetadataToken>
              <Name>System.Void Sample.WiTronix.Business.Test.UnitTest1::.ctor()</Name>
              <SequencePoints />
              <BranchPoints />
              <MethodPoint vc="0" uspid="19" ordinal="0" offset="0" />
            </Method>
          </Methods>
        </Class>
      </Classes>
    </Module>
    <Module skippedDueTo="MissingPdb" hash="AF-54-9A-E2-4A-80-73-C8-D8-94-66-14-8F-99-BE-90-8C-43-09-B2">
      <ModulePath>C:\Program Files (x86)\Microsoft Visual Studio\2017\TestAgent\Common7\IDE\Extensions\TestPlatform\Microsoft.VisualStudio.TestPlatform.ObjectModel.dll</ModulePath>
      <ModuleTime>2019-07-18T12:01:09.0512471Z</ModuleTime>
      <ModuleName>Microsoft.VisualStudio.TestPlatform.ObjectModel</ModuleName>
      <Classes />
    </Module>
    <Module hash="1C-01-68-44-FC-92-66-17-00-EC-EF-94-EC-C0-F4-E6-3F-CC-86-BF">
      <Summary numSequencePoints="18" visitedSequencePoints="18" numBranchPoints="3" visitedBranchPoints="3" sequenceCoverage="100" branchCoverage="100" maxCyclomaticComplexity="1" minCyclomaticComplexity="1" maxCrapScore="2" minCrapScore="1" visitedClasses="1" numClasses="1" visitedMethods="3" numMethods="3" />
      <ModulePath>C:\Users\tejaswini.t\Sample.WiTronix.Web\Sample.WiTronix.DataAccess.Test\bin\Debug\Sample.WiTronix.DataAccess.Test.dll</ModulePath>
      <ModuleTime>2019-07-22T12:12:41.2427554Z</ModuleTime>
      <ModuleName>Sample.WiTronix.DataAccess.Test</ModuleName>
      <Files>
        <File uid="3" fullPath="C:\Users\tejaswini.t\Sample.WiTronix.Web\Sample.WiTronix.DataAccess.Test\UnitTest1.cs" />
      </Files>
      <Classes>
        <Class>
          <Summary numSequencePoints="0" visitedSequencePoints="0" numBranchPoints="0" visitedBranchPoints="0" sequenceCoverage="0" branchCoverage="0" maxCyclomaticComplexity="0" minCyclomaticComplexity="0" maxCrapScore="0" minCrapScore="0" visitedClasses="0" numClasses="0" visitedMethods="0" numMethods="0" />
          <FullName>&lt;Module&gt;</FullName>
          <Methods />
        </Class>
        <Class>
          <Summary numSequencePoints="18" visitedSequencePoints="18" numBranchPoints="3" visitedBranchPoints="3" sequenceCoverage="100" branchCoverage="100" maxCyclomaticComplexity="1" minCyclomaticComplexity="1" maxCrapScore="2" minCrapScore="1" visitedClasses="1" numClasses="1" visitedMethods="3" numMethods="3" />
          <FullName>Sample.WiTronix.DataAccess.Test.UnitTest1</FullName>
          <Methods>
            <Method visited="true" cyclomaticComplexity="1" nPathComplexity="0" sequenceCoverage="100" branchCoverage="100" crapScore="1" isConstructor="false" isStatic="false" isGetter="false" isSetter="false">
              <Summary numSequencePoints="6" visitedSequencePoints="6" numBranchPoints="1" visitedBranchPoints="1" sequenceCoverage="100" branchCoverage="100" maxCyclomaticComplexity="1" minCyclomaticComplexity="1" maxCrapScore="1" minCrapScore="1" visitedClasses="0" numClasses="0" visitedMethods="1" numMethods="1" />
              <MetadataToken>100663297</MetadataToken>
              <Name>System.Void Sample.WiTronix.DataAccess.Test.UnitTest1::Add_Test_Method()</Name>
              <FileRef uid="3" />
              <SequencePoints>
                <SequencePoint vc="1" uspid="20" ordinal="0" offset="0" sl="11" sc="9" el="11" ec="10" bec="0" bev="0" fileid="3" />
                <SequencePoint vc="1" uspid="21" ordinal="1" offset="1" sl="12" sc="13" el="12" ec="65" bec="0" bev="0" fileid="3" />
                <SequencePoint vc="1" uspid="22" ordinal="2" offset="7" sl="13" sc="13" el="13" ec="29" bec="0" bev="0" fileid="3" />
                <SequencePoint vc="1" uspid="23" ordinal="3" offset="10" sl="14" sc="13" el="14" ec="28" bec="0" bev="0" fileid="3" />
                <SequencePoint vc="1" uspid="24" ordinal="4" offset="12" sl="16" sc="13" el="16" ec="58" bec="0" bev="0" fileid="3" />
                <SequencePoint vc="1" uspid="25" ordinal="5" offset="28" sl="17" sc="9" el="17" ec="10" bec="0" bev="0" fileid="3" />
              </SequencePoints>
              <BranchPoints />
              <MethodPoint xsi:type="SequencePoint" vc="1" uspid="20" ordinal="0" offset="0" sl="11" sc="9" el="11" ec="10" bec="0" bev="0" fileid="3" />
            </Method>
            <Method visited="true" cyclomaticComplexity="1" nPathComplexity="0" sequenceCoverage="100" branchCoverage="100" crapScore="1" isConstructor="false" isStatic="false" isGetter="false" isSetter="false">
              <Summary numSequencePoints="6" visitedSequencePoints="6" numBranchPoints="1" visitedBranchPoints="1" sequenceCoverage="100" branchCoverage="100" maxCyclomaticComplexity="1" minCyclomaticComplexity="1" maxCrapScore="1" minCrapScore="1" visitedClasses="0" numClasses="0" visitedMethods="1" numMethods="1" />
              <MetadataToken>100663298</MetadataToken>
              <Name>System.Void Sample.WiTronix.DataAccess.Test.UnitTest1::Sub_Test_Method1()</Name>
              <FileRef uid="3" />
              <SequencePoints>
                <SequencePoint vc="1" uspid="26" ordinal="0" offset="0" sl="21" sc="9" el="21" ec="10" bec="0" bev="0" fileid="3" />
                <SequencePoint vc="1" uspid="27" ordinal="1" offset="1" sl="22" sc="13" el="22" ec="65" bec="0" bev="0" fileid="3" />
                <SequencePoint vc="1" uspid="28" ordinal="2" offset="7" sl="23" sc="13" el="23" ec="29" bec="0" bev="0" fileid="3" />
                <SequencePoint vc="1" uspid="29" ordinal="3" offset="10" sl="24" sc="13" el="24" ec="28" bec="0" bev="0" fileid="3" />
                <SequencePoint vc="1" uspid="30" ordinal="4" offset="12" sl="26" sc="13" el="26" ec="61" bec="0" bev="0" fileid="3" />
                <SequencePoint vc="1" uspid="31" ordinal="5" offset="28" sl="27" sc="9" el="27" ec="10" bec="0" bev="0" fileid="3" />
              </SequencePoints>
              <BranchPoints />
              <MethodPoint xsi:type="SequencePoint" vc="1" uspid="26" ordinal="0" offset="0" sl="21" sc="9" el="21" ec="10" bec="0" bev="0" fileid="3" />
            </Method>
            <Method visited="true" cyclomaticComplexity="1" nPathComplexity="0" sequenceCoverage="100" branchCoverage="100" crapScore="1" isConstructor="false" isStatic="false" isGetter="false" isSetter="false">
              <Summary numSequencePoints="6" visitedSequencePoints="6" numBranchPoints="1" visitedBranchPoints="1" sequenceCoverage="100" branchCoverage="100" maxCyclomaticComplexity="1" minCyclomaticComplexity="1" maxCrapScore="1" minCrapScore="1" visitedClasses="0" numClasses="0" visitedMethods="1" numMethods="1" />
              <MetadataToken>100663299</MetadataToken>
              <Name>System.Void Sample.WiTronix.DataAccess.Test.UnitTest1::Sub_Test_Method2()</Name>
              <FileRef uid="3" />
              <SequencePoints>
                <SequencePoint vc="1" uspid="32" ordinal="0" offset="0" sl="31" sc="9" el="31" ec="10" bec="0" bev="0" fileid="3" />
                <SequencePoint vc="1" uspid="33" ordinal="1" offset="1" sl="32" sc="13" el="32" ec="65" bec="0" bev="0" fileid="3" />
                <SequencePoint vc="1" uspid="34" ordinal="2" offset="7" sl="33" sc="13" el="33" ec="29" bec="0" bev="0" fileid="3" />
                <SequencePoint vc="1" uspid="35" ordinal="3" offset="10" sl="34" sc="13" el="34" ec="28" bec="0" bev="0" fileid="3" />
                <SequencePoint vc="1" uspid="36" ordinal="4" offset="12" sl="36" sc="13" el="36" ec="57" bec="0" bev="0" fileid="3" />
                <SequencePoint vc="1" uspid="37" ordinal="5" offset="27" sl="37" sc="9" el="37" ec="10" bec="0" bev="0" fileid="3" />
              </SequencePoints>
              <BranchPoints />
              <MethodPoint xsi:type="SequencePoint" vc="1" uspid="32" ordinal="0" offset="0" sl="31" sc="9" el="31" ec="10" bec="0" bev="0" fileid="3" />
            </Method>
            <Method visited="false" cyclomaticComplexity="1" nPathComplexity="0" sequenceCoverage="0" branchCoverage="0" crapScore="2" isConstructor="true" isStatic="false" isGetter="false" isSetter="false">
              <Summary numSequencePoints="0" visitedSequencePoints="0" numBranchPoints="0" visitedBranchPoints="0" sequenceCoverage="0" branchCoverage="0" maxCyclomaticComplexity="1" minCyclomaticComplexity="1" maxCrapScore="2" minCrapScore="2" visitedClasses="0" numClasses="0" visitedMethods="0" numMethods="0" />
              <MetadataToken>100663300</MetadataToken>
              <Name>System.Void Sample.WiTronix.DataAccess.Test.UnitTest1::.ctor()</Name>
              <SequencePoints />
              <BranchPoints />
              <MethodPoint vc="0" uspid="38" ordinal="0" offset="0" />
            </Method>
          </Methods>
        </Class>
      </Classes>
    </Module>
    <Module skippedDueTo="MissingPdb" hash="AF-54-9A-E2-4A-80-73-C8-D8-94-66-14-8F-99-BE-90-8C-43-09-B2">
      <ModulePath>C:\Program Files (x86)\Microsoft Visual Studio\2017\TestAgent\Common7\IDE\Extensions\TestPlatform\Microsoft.VisualStudio.TestPlatform.ObjectModel.dll</ModulePath>
      <ModuleTime>2019-07-18T12:01:09.0512471Z</ModuleTime>
      <ModuleName>Microsoft.VisualStudio.TestPlatform.ObjectModel</ModuleName>
      <Classes />
    </Module>
    <Module hash="2C-A2-32-98-88-8D-BB-6A-E6-6D-2C-22-91-96-4B-36-15-F4-A8-B0">
      <Summary numSequencePoints="12" visitedSequencePoints="6" numBranchPoints="4" visitedBranchPoints="2" sequenceCoverage="50" branchCoverage="50" maxCyclomaticComplexity="1" minCyclomaticComplexity="1" maxCrapScore="2" minCrapScore="1" visitedClasses="1" numClasses="1" visitedMethods="2" numMethods="4" />
      <ModulePath>C:\Users\tejaswini.t\Sample.WiTronix.Web\Sample.WiTronix.DataAccess.Test\bin\Debug\Sample.WiTronix.DataAccess.dll</ModulePath>
      <ModuleTime>2019-07-22T12:12:40.8233985Z</ModuleTime>
      <ModuleName>Sample.WiTronix.DataAccess</ModuleName>
      <Files>
        <File uid="5" fullPath="C:\Users\tejaswini.t\Sample.WiTronix.Web\Sample.WiTronix.DataAccess\CaluclateDataAccess.cs" />
      </Files>
      <Classes>
        <Class>
          <Summary numSequencePoints="0" visitedSequencePoints="0" numBranchPoints="0" visitedBranchPoints="0" sequenceCoverage="0" branchCoverage="0" maxCyclomaticComplexity="0" minCyclomaticComplexity="0" maxCrapScore="0" minCrapScore="0" visitedClasses="0" numClasses="0" visitedMethods="0" numMethods="0" />
          <FullName>&lt;Module&gt;</FullName>
          <Methods />
        </Class>
        <Class>
          <Summary numSequencePoints="12" visitedSequencePoints="6" numBranchPoints="4" visitedBranchPoints="2" sequenceCoverage="50" branchCoverage="50" maxCyclomaticComplexity="1" minCyclomaticComplexity="1" maxCrapScore="2" minCrapScore="1" visitedClasses="1" numClasses="1" visitedMethods="2" numMethods="4" />
          <FullName>Sample.WiTronix.DataAccess.CaluclateDataAccess</FullName>
          <Methods>
            <Method visited="true" cyclomaticComplexity="1" nPathComplexity="0" sequenceCoverage="100" branchCoverage="100" crapScore="1" isConstructor="false" isStatic="false" isGetter="false" isSetter="false">
              <Summary numSequencePoints="3" visitedSequencePoints="3" numBranchPoints="1" visitedBranchPoints="1" sequenceCoverage="100" branchCoverage="100" maxCyclomaticComplexity="1" minCyclomaticComplexity="1" maxCrapScore="1" minCrapScore="1" visitedClasses="0" numClasses="0" visitedMethods="1" numMethods="1" />
              <MetadataToken>100663297</MetadataToken>
              <Name>System.Int32 Sample.WiTronix.DataAccess.CaluclateDataAccess::Add(System.Int32,System.Int32)</Name>
              <FileRef uid="5" />
              <SequencePoints>
                <SequencePoint vc="1" uspid="39" ordinal="0" offset="0" sl="12" sc="9" el="12" ec="10" bec="0" bev="0" fileid="5" />
                <SequencePoint vc="1" uspid="40" ordinal="1" offset="1" sl="13" sc="13" el="13" ec="36" bec="0" bev="0" fileid="5" />
                <SequencePoint vc="1" uspid="41" ordinal="2" offset="7" sl="14" sc="9" el="14" ec="10" bec="0" bev="0" fileid="5" />
              </SequencePoints>
              <BranchPoints />
              <MethodPoint xsi:type="SequencePoint" vc="1" uspid="39" ordinal="0" offset="0" sl="12" sc="9" el="12" ec="10" bec="0" bev="0" fileid="5" />
            </Method>
            <Method visited="true" cyclomaticComplexity="1" nPathComplexity="0" sequenceCoverage="100" branchCoverage="100" crapScore="1" isConstructor="false" isStatic="false" isGetter="false" isSetter="false">
              <Summary numSequencePoints="3" visitedSequencePoints="3" numBranchPoints="1" visitedBranchPoints="1" sequenceCoverage="100" branchCoverage="100" maxCyclomaticComplexity="1" minCyclomaticComplexity="1" maxCrapScore="1" minCrapScore="1" visitedClasses="0" numClasses="0" visitedMethods="1" numMethods="1" />
              <MetadataToken>100663298</MetadataToken>
              <Name>System.Int32 Sample.WiTronix.DataAccess.CaluclateDataAccess::Sub(System.Int32,System.Int32)</Name>
              <FileRef uid="5" />
              <SequencePoints>
                <SequencePoint vc="2" uspid="42" ordinal="0" offset="0" sl="17" sc="9" el="17" ec="10" bec="0" bev="0" fileid="5" />
                <SequencePoint vc="2" uspid="43" ordinal="1" offset="1" sl="18" sc="13" el="18" ec="36" bec="0" bev="0" fileid="5" />
                <SequencePoint vc="2" uspid="44" ordinal="2" offset="7" sl="19" sc="9" el="19" ec="10" bec="0" bev="0" fileid="5" />
              </SequencePoints>
              <BranchPoints />
              <MethodPoint xsi:type="SequencePoint" vc="2" uspid="42" ordinal="0" offset="0" sl="17" sc="9" el="17" ec="10" bec="0" bev="0" fileid="5" />
            </Method>
            <Method visited="false" cyclomaticComplexity="1" nPathComplexity="0" sequenceCoverage="0" branchCoverage="0" crapScore="2" isConstructor="false" isStatic="false" isGetter="false" isSetter="false">
              <Summary numSequencePoints="3" visitedSequencePoints="0" numBranchPoints="1" visitedBranchPoints="0" sequenceCoverage="0" branchCoverage="0" maxCyclomaticComplexity="1" minCyclomaticComplexity="1" maxCrapScore="2" minCrapScore="2" visitedClasses="0" numClasses="0" visitedMethods="0" numMethods="1" />
              <MetadataToken>100663299</MetadataToken>
              <Name>System.Int32 Sample.WiTronix.DataAccess.CaluclateDataAccess::Multiply(System.Int32,System.Int32)</Name>
              <FileRef uid="5" />
              <SequencePoints>
                <SequencePoint vc="0" uspid="45" ordinal="0" offset="0" sl="22" sc="9" el="22" ec="10" bec="0" bev="0" fileid="5" />
                <SequencePoint vc="0" uspid="46" ordinal="1" offset="1" sl="23" sc="13" el="23" ec="36" bec="0" bev="0" fileid="5" />
                <SequencePoint vc="0" uspid="47" ordinal="2" offset="7" sl="24" sc="9" el="24" ec="10" bec="0" bev="0" fileid="5" />
              </SequencePoints>
              <BranchPoints />
              <MethodPoint xsi:type="SequencePoint" vc="0" uspid="45" ordinal="0" offset="0" sl="22" sc="9" el="22" ec="10" bec="0" bev="0" fileid="5" />
            </Method>
            <Method visited="false" cyclomaticComplexity="1" nPathComplexity="0" sequenceCoverage="0" branchCoverage="0" crapScore="2" isConstructor="false" isStatic="false" isGetter="false" isSetter="false">
              <Summary numSequencePoints="3" visitedSequencePoints="0" numBranchPoints="1" visitedBranchPoints="0" sequenceCoverage="0" branchCoverage="0" maxCyclomaticComplexity="1" minCyclomaticComplexity="1" maxCrapScore="2" minCrapScore="2" visitedClasses="0" numClasses="0" visitedMethods="0" numMethods="1" />
              <MetadataToken>100663300</MetadataToken>
              <Name>System.Int32 Sample.WiTronix.DataAccess.CaluclateDataAccess::Div(System.Int32,System.Int32)</Name>
              <FileRef uid="5" />
              <SequencePoints>
                <SequencePoint vc="0" uspid="48" ordinal="0" offset="0" sl="27" sc="9" el="27" ec="10" bec="0" bev="0" fileid="5" />
                <SequencePoint vc="0" uspid="49" ordinal="1" offset="1" sl="28" sc="13" el="28" ec="36" bec="0" bev="0" fileid="5" />
                <SequencePoint vc="0" uspid="50" ordinal="2" offset="7" sl="29" sc="9" el="29" ec="10" bec="0" bev="0" fileid="5" />
              </SequencePoints>
              <BranchPoints />
              <MethodPoint xsi:type="SequencePoint" vc="0" uspid="48" ordinal="0" offset="0" sl="27" sc="9" el="27" ec="10" bec="0" bev="0" fileid="5" />
            </Method>
            <Method visited="false" cyclomaticComplexity="1" nPathComplexity="0" sequenceCoverage="0" branchCoverage="0" crapScore="2" isConstructor="true" isStatic="false" isGetter="false" isSetter="false">
              <Summary numSequencePoints="0" visitedSequencePoints="0" numBranchPoints="0" visitedBranchPoints="0" sequenceCoverage="0" branchCoverage="0" maxCyclomaticComplexity="1" minCyclomaticComplexity="1" maxCrapScore="2" minCrapScore="2" visitedClasses="0" numClasses="0" visitedMethods="0" numMethods="0" />
              <MetadataToken>100663301</MetadataToken>
              <Name>System.Void Sample.WiTronix.DataAccess.CaluclateDataAccess::.ctor()</Name>
              <SequencePoints />
              <BranchPoints />
              <MethodPoint vc="0" uspid="51" ordinal="0" offset="0" />
            </Method>
          </Methods>
        </Class>
      </Classes>
    </Module>
    <Module skippedDueTo="MissingPdb" hash="AF-54-9A-E2-4A-80-73-C8-D8-94-66-14-8F-99-BE-90-8C-43-09-B2">
      <ModulePath>C:\Program Files (x86)\Microsoft Visual Studio\2017\TestAgent\Common7\IDE\Extensions\TestPlatform\Microsoft.VisualStudio.TestPlatform.ObjectModel.dll</ModulePath>
      <ModuleTime>2019-07-18T12:01:09.0512471Z</ModuleTime>
      <ModuleName>Microsoft.VisualStudio.TestPlatform.ObjectModel</ModuleName>
      <Classes />
    </Module>
    <Module hash="10-A5-23-1C-11-6A-75-AC-7B-AF-BE-82-A4-30-AA-9C-10-93-26-9B">
      <Summary numSequencePoints="17" visitedSequencePoints="11" numBranchPoints="5" visitedBranchPoints="3" sequenceCoverage="64.71" branchCoverage="60" maxCyclomaticComplexity="1" minCyclomaticComplexity="1" maxCrapScore="2" minCrapScore="1" visitedClasses="1" numClasses="1" visitedMethods="3" numMethods="5" />
      <ModulePath>C:\Users\tejaswini.t\Sample.WiTronix.Web\Sample.WiTronix.Business.Test\bin\Debug\Sample.WiTronix.Business.dll</ModulePath>
      <ModuleTime>2019-07-22T12:12:40.9706278Z</ModuleTime>
      <ModuleName>Sample.WiTronix.Business</ModuleName>
      <Files>
        <File uid="7" fullPath="C:\Users\tejaswini.t\Sample.WiTronix.Web\Sample.WiTronix.Business\CaluclateBusiness.cs" />
      </Files>
      <Classes>
        <Class>
          <Summary numSequencePoints="0" visitedSequencePoints="0" numBranchPoints="0" visitedBranchPoints="0" sequenceCoverage="0" branchCoverage="0" maxCyclomaticComplexity="0" minCyclomaticComplexity="0" maxCrapScore="0" minCrapScore="0" visitedClasses="0" numClasses="0" visitedMethods="0" numMethods="0" />
          <FullName>&lt;Module&gt;</FullName>
          <Methods />
        </Class>
        <Class>
          <Summary numSequencePoints="17" visitedSequencePoints="11" numBranchPoints="5" visitedBranchPoints="3" sequenceCoverage="64.71" branchCoverage="60" maxCyclomaticComplexity="1" minCyclomaticComplexity="1" maxCrapScore="2" minCrapScore="1" visitedClasses="1" numClasses="1" visitedMethods="3" numMethods="5" />
          <FullName>Sample.WiTronix.Business.CaluclateBusiness</FullName>
          <Methods>
            <Method visited="true" cyclomaticComplexity="1" nPathComplexity="0" sequenceCoverage="100" branchCoverage="100" crapScore="1" isConstructor="true" isStatic="false" isGetter="false" isSetter="false">
              <Summary numSequencePoints="5" visitedSequencePoints="5" numBranchPoints="1" visitedBranchPoints="1" sequenceCoverage="100" branchCoverage="100" maxCyclomaticComplexity="1" minCyclomaticComplexity="1" maxCrapScore="1" minCrapScore="1" visitedClasses="0" numClasses="0" visitedMethods="1" numMethods="1" />
              <MetadataToken>100663297</MetadataToken>
              <Name>System.Void Sample.WiTronix.Business.CaluclateBusiness::.ctor()</Name>
              <FileRef uid="7" />
              <SequencePoints>
                <SequencePoint vc="3" uspid="52" ordinal="0" offset="0" sl="12" sc="9" el="12" ec="65" bec="0" bev="0" fileid="7" />
                <SequencePoint vc="3" uspid="53" ordinal="1" offset="7" sl="13" sc="9" el="13" ec="35" bec="0" bev="0" fileid="7" />
                <SequencePoint vc="3" uspid="54" ordinal="2" offset="14" sl="14" sc="9" el="14" ec="10" bec="0" bev="0" fileid="7" />
                <SequencePoint vc="3" uspid="55" ordinal="3" offset="15" sl="15" sc="13" el="15" ec="62" bec="0" bev="0" fileid="7" />
                <SequencePoint vc="3" uspid="56" ordinal="4" offset="26" sl="16" sc="9" el="16" ec="10" bec="0" bev="0" fileid="7" />
              </SequencePoints>
              <BranchPoints />
              <MethodPoint xsi:type="SequencePoint" vc="3" uspid="52" ordinal="0" offset="0" sl="12" sc="9" el="12" ec="65" bec="0" bev="0" fileid="7" />
            </Method>
            <Method visited="true" cyclomaticComplexity="1" nPathComplexity="0" sequenceCoverage="100" branchCoverage="100" crapScore="1" isConstructor="false" isStatic="false" isGetter="false" isSetter="false">
              <Summary numSequencePoints="3" visitedSequencePoints="3" numBranchPoints="1" visitedBranchPoints="1" sequenceCoverage="100" branchCoverage="100" maxCyclomaticComplexity="1" minCyclomaticComplexity="1" maxCrapScore="1" minCrapScore="1" visitedClasses="0" numClasses="0" visitedMethods="1" numMethods="1" />
              <MetadataToken>100663298</MetadataToken>
              <Name>System.Int32 Sample.WiTronix.Business.CaluclateBusiness::Add(System.Int32,System.Int32)</Name>
              <FileRef uid="7" />
              <SequencePoints>
                <SequencePoint vc="1" uspid="57" ordinal="0" offset="0" sl="18" sc="9" el="18" ec="10" bec="0" bev="0" fileid="7" />
                <SequencePoint vc="1" uspid="58" ordinal="1" offset="1" sl="19" sc="13" el="19" ec="61" bec="0" bev="0" fileid="7" />
                <SequencePoint vc="1" uspid="59" ordinal="2" offset="17" sl="20" sc="9" el="20" ec="10" bec="0" bev="0" fileid="7" />
              </SequencePoints>
              <BranchPoints />
              <MethodPoint xsi:type="SequencePoint" vc="1" uspid="57" ordinal="0" offset="0" sl="18" sc="9" el="18" ec="10" bec="0" bev="0" fileid="7" />
            </Method>
            <Method visited="true" cyclomaticComplexity="1" nPathComplexity="0" sequenceCoverage="100" branchCoverage="100" crapScore="1" isConstructor="false" isStatic="false" isGetter="false" isSetter="false">
              <Summary numSequencePoints="3" visitedSequencePoints="3" numBranchPoints="1" visitedBranchPoints="1" sequenceCoverage="100" branchCoverage="100" maxCyclomaticComplexity="1" minCyclomaticComplexity="1" maxCrapScore="1" minCrapScore="1" visitedClasses="0" numClasses="0" visitedMethods="1" numMethods="1" />
              <MetadataToken>100663299</MetadataToken>
              <Name>System.Int32 Sample.WiTronix.Business.CaluclateBusiness::Sub(System.Int32,System.Int32)</Name>
              <FileRef uid="7" />
              <SequencePoints>
                <SequencePoint vc="2" uspid="60" ordinal="0" offset="0" sl="23" sc="9" el="23" ec="10" bec="0" bev="0" fileid="7" />
                <SequencePoint vc="2" uspid="61" ordinal="1" offset="1" sl="24" sc="13" el="24" ec="61" bec="0" bev="0" fileid="7" />
                <SequencePoint vc="2" uspid="62" ordinal="2" offset="17" sl="25" sc="9" el="25" ec="10" bec="0" bev="0" fileid="7" />
              </SequencePoints>
              <BranchPoints />
              <MethodPoint xsi:type="SequencePoint" vc="2" uspid="60" ordinal="0" offset="0" sl="23" sc="9" el="23" ec="10" bec="0" bev="0" fileid="7" />
            </Method>
            <Method visited="false" cyclomaticComplexity="1" nPathComplexity="0" sequenceCoverage="0" branchCoverage="0" crapScore="2" isConstructor="false" isStatic="false" isGetter="false" isSetter="false">
              <Summary numSequencePoints="3" visitedSequencePoints="0" numBranchPoints="1" visitedBranchPoints="0" sequenceCoverage="0" branchCoverage="0" maxCyclomaticComplexity="1" minCyclomaticComplexity="1" maxCrapScore="2" minCrapScore="2" visitedClasses="0" numClasses="0" visitedMethods="0" numMethods="1" />
              <MetadataToken>100663300</MetadataToken>
              <Name>System.Int32 Sample.WiTronix.Business.CaluclateBusiness::Multiply(System.Int32,System.Int32)</Name>
              <FileRef uid="7" />
              <SequencePoints>
                <SequencePoint vc="0" uspid="63" ordinal="0" offset="0" sl="28" sc="9" el="28" ec="10" bec="0" bev="0" fileid="7" />
                <SequencePoint vc="0" uspid="64" ordinal="1" offset="1" sl="29" sc="13" el="29" ec="66" bec="0" bev="0" fileid="7" />
                <SequencePoint vc="0" uspid="65" ordinal="2" offset="17" sl="30" sc="9" el="30" ec="10" bec="0" bev="0" fileid="7" />
              </SequencePoints>
              <BranchPoints />
              <MethodPoint xsi:type="SequencePoint" vc="0" uspid="63" ordinal="0" offset="0" sl="28" sc="9" el="28" ec="10" bec="0" bev="0" fileid="7" />
            </Method>
            <Method visited="false" cyclomaticComplexity="1" nPathComplexity="0" sequenceCoverage="0" branchCoverage="0" crapScore="2" isConstructor="false" isStatic="false" isGetter="false" isSetter="false">
              <Summary numSequencePoints="3" visitedSequencePoints="0" numBranchPoints="1" visitedBranchPoints="0" sequenceCoverage="0" branchCoverage="0" maxCyclomaticComplexity="1" minCyclomaticComplexity="1" maxCrapScore="2" minCrapScore="2" visitedClasses="0" numClasses="0" visitedMethods="0" numMethods="1" />
              <MetadataToken>100663301</MetadataToken>
              <Name>System.Int32 Sample.WiTronix.Business.CaluclateBusiness::Div(System.Int32,System.Int32)</Name>
              <FileRef uid="7" />
              <SequencePoints>
                <SequencePoint vc="0" uspid="66" ordinal="0" offset="0" sl="33" sc="9" el="33" ec="10" bec="0" bev="0" fileid="7" />
                <SequencePoint vc="0" uspid="67" ordinal="1" offset="1" sl="34" sc="13" el="34" ec="61" bec="0" bev="0" fileid="7" />
                <SequencePoint vc="0" uspid="68" ordinal="2" offset="17" sl="35" sc="9" el="35" ec="10" bec="0" bev="0" fileid="7" />
              </SequencePoints>
              <BranchPoints />
              <MethodPoint xsi:type="SequencePoint" vc="0" uspid="66" ordinal="0" offset="0" sl="33" sc="9" el="33" ec="10" bec="0" bev="0" fileid="7" />
            </Method>
          </Methods>
        </Class>
      </Classes>
    </Module>
    <Module skippedDueTo="MissingPdb" hash="AF-54-9A-E2-4A-80-73-C8-D8-94-66-14-8F-99-BE-90-8C-43-09-B2">
      <ModulePath>C:\Program Files (x86)\Microsoft Visual Studio\2017\TestAgent\Common7\IDE\Extensions\TestPlatform\Microsoft.VisualStudio.TestPlatform.ObjectModel.dll</ModulePath>
      <ModuleTime>2019-07-18T12:01:09.0512471Z</ModuleTime>
      <ModuleName>Microsoft.VisualStudio.TestPlatform.ObjectModel</ModuleName>
      <Classes />
    </Module>
    <Module skippedDueTo="MissingPdb" hash="AF-54-9A-E2-4A-80-73-C8-D8-94-66-14-8F-99-BE-90-8C-43-09-B2">
      <ModulePath>C:\Program Files (x86)\Microsoft Visual Studio\2017\TestAgent\Common7\IDE\Extensions\TestPlatform\Microsoft.VisualStudio.TestPlatform.ObjectModel.dll</ModulePath>
      <ModuleTime>2019-07-18T12:01:09.0512471Z</ModuleTime>
      <ModuleName>Microsoft.VisualStudio.TestPlatform.ObjectModel</ModuleName>
      <Classes />
    </Module>
    <Module skippedDueTo="MissingPdb" hash="A3-90-07-AC-12-DE-02-9B-A0-6C-7B-AC-AD-90-A8-56-43-46-3D-73">
      <ModulePath>C:\Program Files (x86)\Microsoft Visual Studio\2017\TestAgent\Common7\IDE\Extensions\TestPlatform\Microsoft.TestPlatform.CoreUtilities.dll</ModulePath>
      <ModuleTime>2019-07-18T12:01:09.0512471Z</ModuleTime>
      <ModuleName>Microsoft.TestPlatform.CoreUtilities</ModuleName>
      <Classes />
    </Module>
    <Module skippedDueTo="MissingPdb" hash="CE-A4-16-89-7A-C5-87-8F-B1-22-C4-94-C9-41-B8-86-35-4A-47-B6">
      <ModulePath>C:\Program Files (x86)\Microsoft Visual Studio\2017\TestAgent\Common7\IDE\Extensions\TestPlatform\Microsoft.TestPlatform.PlatformAbstractions.dll</ModulePath>
      <ModuleTime>2019-07-18T12:01:09.0512471Z</ModuleTime>
      <ModuleName>Microsoft.TestPlatform.PlatformAbstractions</ModuleName>
      <Classes />
    </Module>
    <Module skippedDueTo="MissingPdb" hash="AF-54-9A-E2-4A-80-73-C8-D8-94-66-14-8F-99-BE-90-8C-43-09-B2">
      <ModulePath>C:\Program Files (x86)\Microsoft Visual Studio\2017\TestAgent\Common7\IDE\Extensions\TestPlatform\Microsoft.VisualStudio.TestPlatform.ObjectModel.dll</ModulePath>
      <ModuleTime>2019-07-18T12:01:09.0512471Z</ModuleTime>
      <ModuleName>Microsoft.VisualStudio.TestPlatform.ObjectModel</ModuleName>
      <Classes />
    </Module>
    <Module skippedDueTo="MissingPdb" hash="69-AF-C7-4C-7A-4B-C9-1F-FA-FE-21-BC-3B-9A-A0-78-60-1C-56-6A">
      <ModulePath>C:\Program Files (x86)\Microsoft Visual Studio\2017\TestAgent\Common7\IDE\Extensions\TestPlatform\Extensions\Microsoft.VisualStudio.TestPlatform.Extensions.VSTestIntegration.dll</ModulePath>
      <ModuleTime>2019-07-18T12:01:09.0512471Z</ModuleTime>
      <ModuleName>Microsoft.VisualStudio.TestPlatform.Extensions.VSTestIntegration</ModuleName>
      <Classes />
    </Module>
    <Module skippedDueTo="MissingPdb" hash="A3-90-07-AC-12-DE-02-9B-A0-6C-7B-AC-AD-90-A8-56-43-46-3D-73">
      <ModulePath>C:\Program Files (x86)\Microsoft Visual Studio\2017\TestAgent\Common7\IDE\Extensions\TestPlatform\Microsoft.TestPlatform.CoreUtilities.dll</ModulePath>
      <ModuleTime>2019-07-18T12:01:09.0512471Z</ModuleTime>
      <ModuleName>Microsoft.TestPlatform.CoreUtilities</ModuleName>
      <Classes />
    </Module>
    <Module skippedDueTo="MissingPdb" hash="9C-BD-10-0D-B6-DF-EE-2B-EB-27-DA-26-68-CD-C4-4A-48-7F-7B-09">
      <ModulePath>C:\Users\tejaswini.t\Sample.WiTronix.Web\Sample.WiTronix.Business.Test\bin\Debug\Microsoft.VisualStudio.QualityTools.UnitTestFramework.dll</ModulePath>
      <ModuleTime>2019-07-17T11:29:52.704899Z</ModuleTime>
      <ModuleName>Microsoft.VisualStudio.QualityTools.UnitTestFramework</ModuleName>
      <Classes />
    </Module>
    <Module skippedDueTo="Filter" hash="E2-1F-F9-B3-02-3C-58-DD-BF-FA-FF-9D-8C-F3-7B-AA-70-07-1A-90">
      <ModulePath>C:\WINDOWS\Microsoft.Net\assembly\GAC_MSIL\System.Runtime.Serialization\v4.0_4.0.0.0__b77a5c561934e089\System.Runtime.Serialization.dll</ModulePath>
      <ModuleTime>2019-03-26T05:29:38.1152227Z</ModuleTime>
      <ModuleName>System.Runtime.Serialization</ModuleName>
      <Classes />
    </Module>
    <Module skippedDueTo="MissingPdb" hash="AF-54-9A-E2-4A-80-73-C8-D8-94-66-14-8F-99-BE-90-8C-43-09-B2">
      <ModulePath>C:\Program Files (x86)\Microsoft Visual Studio\2017\TestAgent\Common7\IDE\Extensions\TestPlatform\Microsoft.VisualStudio.TestPlatform.ObjectModel.dll</ModulePath>
      <ModuleTime>2019-07-18T12:01:09.0512471Z</ModuleTime>
      <ModuleName>Microsoft.VisualStudio.TestPlatform.ObjectModel</ModuleName>
      <Classes />
    </Module>
    <Module skippedDueTo="MissingPdb" hash="AF-54-9A-E2-4A-80-73-C8-D8-94-66-14-8F-99-BE-90-8C-43-09-B2">
      <ModulePath>C:\Program Files (x86)\Microsoft Visual Studio\2017\TestAgent\Common7\IDE\Extensions\TestPlatform\Microsoft.VisualStudio.TestPlatform.ObjectModel.dll</ModulePath>
      <ModuleTime>2019-07-18T12:01:09.0512471Z</ModuleTime>
      <ModuleName>Microsoft.VisualStudio.TestPlatform.ObjectModel</ModuleName>
      <Classes />
    </Module>
    <Module skippedDueTo="MissingPdb" hash="A3-90-07-AC-12-DE-02-9B-A0-6C-7B-AC-AD-90-A8-56-43-46-3D-73">
      <ModulePath>C:\Program Files (x86)\Microsoft Visual Studio\2017\TestAgent\Common7\IDE\Extensions\TestPlatform\Microsoft.TestPlatform.CoreUtilities.dll</ModulePath>
      <ModuleTime>2019-07-18T12:01:09.0512471Z</ModuleTime>
      <ModuleName>Microsoft.TestPlatform.CoreUtilities</ModuleName>
      <Classes />
    </Module>
    <Module skippedDueTo="MissingPdb" hash="CE-A4-16-89-7A-C5-87-8F-B1-22-C4-94-C9-41-B8-86-35-4A-47-B6">
      <ModulePath>C:\Program Files (x86)\Microsoft Visual Studio\2017\TestAgent\Common7\IDE\Extensions\TestPlatform\Microsoft.TestPlatform.PlatformAbstractions.dll</ModulePath>
      <ModuleTime>2019-07-18T12:01:09.0512471Z</ModuleTime>
      <ModuleName>Microsoft.TestPlatform.PlatformAbstractions</ModuleName>
      <Classes />
    </Module>
    <Module skippedDueTo="MissingPdb" hash="AF-54-9A-E2-4A-80-73-C8-D8-94-66-14-8F-99-BE-90-8C-43-09-B2">
      <ModulePath>C:\Program Files (x86)\Microsoft Visual Studio\2017\TestAgent\Common7\IDE\Extensions\TestPlatform\Microsoft.VisualStudio.TestPlatform.ObjectModel.dll</ModulePath>
      <ModuleTime>2019-07-18T12:01:09.0512471Z</ModuleTime>
      <ModuleName>Microsoft.VisualStudio.TestPlatform.ObjectModel</ModuleName>
      <Classes />
    </Module>
    <Module skippedDueTo="MissingPdb" hash="69-AF-C7-4C-7A-4B-C9-1F-FA-FE-21-BC-3B-9A-A0-78-60-1C-56-6A">
      <ModulePath>C:\Program Files (x86)\Microsoft Visual Studio\2017\TestAgent\Common7\IDE\Extensions\TestPlatform\Extensions\Microsoft.VisualStudio.TestPlatform.Extensions.VSTestIntegration.dll</ModulePath>
      <ModuleTime>2019-07-18T12:01:09.0512471Z</ModuleTime>
      <ModuleName>Microsoft.VisualStudio.TestPlatform.Extensions.VSTestIntegration</ModuleName>
      <Classes />
    </Module>
    <Module skippedDueTo="MissingPdb" hash="A3-90-07-AC-12-DE-02-9B-A0-6C-7B-AC-AD-90-A8-56-43-46-3D-73">
      <ModulePath>C:\Program Files (x86)\Microsoft Visual Studio\2017\TestAgent\Common7\IDE\Extensions\TestPlatform\Microsoft.TestPlatform.CoreUtilities.dll</ModulePath>
      <ModuleTime>2019-07-18T12:01:09.0512471Z</ModuleTime>
      <ModuleName>Microsoft.TestPlatform.CoreUtilities</ModuleName>
      <Classes />
    </Module>
    <Module skippedDueTo="MissingPdb" hash="9C-BD-10-0D-B6-DF-EE-2B-EB-27-DA-26-68-CD-C4-4A-48-7F-7B-09">
      <ModulePath>C:\Users\tejaswini.t\Sample.WiTronix.Web\Sample.WiTronix.DataAccess.Test\bin\Debug\Microsoft.VisualStudio.QualityTools.UnitTestFramework.dll</ModulePath>
      <ModuleTime>2019-07-17T11:29:55.0193907Z</ModuleTime>
      <ModuleName>Microsoft.VisualStudio.QualityTools.UnitTestFramework</ModuleName>
      <Classes />
    </Module>
    <Module skippedDueTo="MissingPdb" hash="AF-54-9A-E2-4A-80-73-C8-D8-94-66-14-8F-99-BE-90-8C-43-09-B2">
      <ModulePath>C:\Program Files (x86)\Microsoft Visual Studio\2017\TestAgent\Common7\IDE\Extensions\TestPlatform\Microsoft.VisualStudio.TestPlatform.ObjectModel.dll</ModulePath>
      <ModuleTime>2019-07-18T12:01:09.0512471Z</ModuleTime>
      <ModuleName>Microsoft.VisualStudio.TestPlatform.ObjectModel</ModuleName>
      <Classes />
    </Module>
    <Module skippedDueTo="MissingPdb" hash="AF-54-9A-E2-4A-80-73-C8-D8-94-66-14-8F-99-BE-90-8C-43-09-B2">
      <ModulePath>C:\Program Files (x86)\Microsoft Visual Studio\2017\TestAgent\Common7\IDE\Extensions\TestPlatform\Microsoft.VisualStudio.TestPlatform.ObjectModel.dll</ModulePath>
      <ModuleTime>2019-07-18T12:01:09.0512471Z</ModuleTime>
      <ModuleName>Microsoft.VisualStudio.TestPlatform.ObjectModel</ModuleName>
      <Classes />
    </Module>
    <Module skippedDueTo="MissingPdb" hash="AF-54-9A-E2-4A-80-73-C8-D8-94-66-14-8F-99-BE-90-8C-43-09-B2">
      <ModulePath>C:\Program Files (x86)\Microsoft Visual Studio\2017\TestAgent\Common7\IDE\Extensions\TestPlatform\Microsoft.VisualStudio.TestPlatform.ObjectModel.dll</ModulePath>
      <ModuleTime>2019-07-18T12:01:09.0512471Z</ModuleTime>
      <ModuleName>Microsoft.VisualStudio.TestPlatform.ObjectModel</ModuleName>
      <Classes />
    </Module>
    <Module skippedDueTo="MissingPdb" hash="A3-90-07-AC-12-DE-02-9B-A0-6C-7B-AC-AD-90-A8-56-43-46-3D-73">
      <ModulePath>C:\Program Files (x86)\Microsoft Visual Studio\2017\TestAgent\Common7\IDE\Extensions\TestPlatform\Microsoft.TestPlatform.CoreUtilities.dll</ModulePath>
      <ModuleTime>2019-07-18T12:01:09.0512471Z</ModuleTime>
      <ModuleName>Microsoft.TestPlatform.CoreUtilities</ModuleName>
      <Classes />
    </Module>
    <Module skippedDueTo="MissingPdb" hash="CE-A4-16-89-7A-C5-87-8F-B1-22-C4-94-C9-41-B8-86-35-4A-47-B6">
      <ModulePath>C:\Program Files (x86)\Microsoft Visual Studio\2017\TestAgent\Common7\IDE\Extensions\TestPlatform\Microsoft.TestPlatform.PlatformAbstractions.dll</ModulePath>
      <ModuleTime>2019-07-18T12:01:09.0512471Z</ModuleTime>
      <ModuleName>Microsoft.TestPlatform.PlatformAbstractions</ModuleName>
      <Classes />
    </Module>
    <Module skippedDueTo="MissingPdb" hash="AF-54-9A-E2-4A-80-73-C8-D8-94-66-14-8F-99-BE-90-8C-43-09-B2">
      <ModulePath>C:\Program Files (x86)\Microsoft Visual Studio\2017\TestAgent\Common7\IDE\Extensions\TestPlatform\Microsoft.VisualStudio.TestPlatform.ObjectModel.dll</ModulePath>
      <ModuleTime>2019-07-18T12:01:09.0512471Z</ModuleTime>
      <ModuleName>Microsoft.VisualStudio.TestPlatform.ObjectModel</ModuleName>
      <Classes />
    </Module>
    <Module skippedDueTo="MissingPdb" hash="69-AF-C7-4C-7A-4B-C9-1F-FA-FE-21-BC-3B-9A-A0-78-60-1C-56-6A">
      <ModulePath>C:\Program Files (x86)\Microsoft Visual Studio\2017\TestAgent\Common7\IDE\Extensions\TestPlatform\Extensions\Microsoft.VisualStudio.TestPlatform.Extensions.VSTestIntegration.dll</ModulePath>
      <ModuleTime>2019-07-18T12:01:09.0512471Z</ModuleTime>
      <ModuleName>Microsoft.VisualStudio.TestPlatform.Extensions.VSTestIntegration</ModuleName>
      <Classes />
    </Module>
    <Module skippedDueTo="MissingPdb" hash="9C-BD-10-0D-B6-DF-EE-2B-EB-27-DA-26-68-CD-C4-4A-48-7F-7B-09">
      <ModulePath>C:\Users\tejaswini.t\Sample.WiTronix.Web\Sample.WiTronix.Business.Test\bin\Debug\Microsoft.VisualStudio.QualityTools.UnitTestFramework.dll</ModulePath>
      <ModuleTime>2019-07-17T11:29:52.704899Z</ModuleTime>
      <ModuleName>Microsoft.VisualStudio.QualityTools.UnitTestFramework</ModuleName>
      <Classes />
    </Module>
    <Module skippedDueTo="MissingPdb" hash="A3-90-07-AC-12-DE-02-9B-A0-6C-7B-AC-AD-90-A8-56-43-46-3D-73">
      <ModulePath>C:\Program Files (x86)\Microsoft Visual Studio\2017\TestAgent\Common7\IDE\Extensions\TestPlatform\Microsoft.TestPlatform.CoreUtilities.dll</ModulePath>
      <ModuleTime>2019-07-18T12:01:09.0512471Z</ModuleTime>
      <ModuleName>Microsoft.TestPlatform.CoreUtilities</ModuleName>
      <Classes />
    </Module>
    <Module hash="2C-A2-32-98-88-8D-BB-6A-E6-6D-2C-22-91-96-4B-36-15-F4-A8-B0">
      <Summary numSequencePoints="12" visitedSequencePoints="6" numBranchPoints="4" visitedBranchPoints="2" sequenceCoverage="50" branchCoverage="50" maxCyclomaticComplexity="1" minCyclomaticComplexity="1" maxCrapScore="2" minCrapScore="1" visitedClasses="1" numClasses="1" visitedMethods="2" numMethods="4" />
      <ModulePath>C:\Users\tejaswini.t\Sample.WiTronix.Web\Sample.WiTronix.Business.Test\bin\Debug\Sample.WiTronix.DataAccess.dll</ModulePath>
      <ModuleTime>2019-07-22T12:12:40.8233985Z</ModuleTime>
      <ModuleName>Sample.WiTronix.DataAccess</ModuleName>
      <Files>
        <File uid="9" fullPath="C:\Users\tejaswini.t\Sample.WiTronix.Web\Sample.WiTronix.DataAccess\CaluclateDataAccess.cs" />
      </Files>
      <Classes>
        <Class>
          <Summary numSequencePoints="0" visitedSequencePoints="0" numBranchPoints="0" visitedBranchPoints="0" sequenceCoverage="0" branchCoverage="0" maxCyclomaticComplexity="0" minCyclomaticComplexity="0" maxCrapScore="0" minCrapScore="0" visitedClasses="0" numClasses="0" visitedMethods="0" numMethods="0" />
          <FullName>&lt;Module&gt;</FullName>
          <Methods />
        </Class>
        <Class>
          <Summary numSequencePoints="12" visitedSequencePoints="6" numBranchPoints="4" visitedBranchPoints="2" sequenceCoverage="50" branchCoverage="50" maxCyclomaticComplexity="1" minCyclomaticComplexity="1" maxCrapScore="2" minCrapScore="1" visitedClasses="1" numClasses="1" visitedMethods="2" numMethods="4" />
          <FullName>Sample.WiTronix.DataAccess.CaluclateDataAccess</FullName>
          <Methods>
            <Method visited="true" cyclomaticComplexity="1" nPathComplexity="0" sequenceCoverage="100" branchCoverage="100" crapScore="1" isConstructor="false" isStatic="false" isGetter="false" isSetter="false">
              <Summary numSequencePoints="3" visitedSequencePoints="3" numBranchPoints="1" visitedBranchPoints="1" sequenceCoverage="100" branchCoverage="100" maxCyclomaticComplexity="1" minCyclomaticComplexity="1" maxCrapScore="1" minCrapScore="1" visitedClasses="0" numClasses="0" visitedMethods="1" numMethods="1" />
              <MetadataToken>100663297</MetadataToken>
              <Name>System.Int32 Sample.WiTronix.DataAccess.CaluclateDataAccess::Add(System.Int32,System.Int32)</Name>
              <FileRef uid="9" />
              <SequencePoints>
                <SequencePoint vc="1" uspid="69" ordinal="0" offset="0" sl="12" sc="9" el="12" ec="10" bec="0" bev="0" fileid="9" />
                <SequencePoint vc="1" uspid="70" ordinal="1" offset="1" sl="13" sc="13" el="13" ec="36" bec="0" bev="0" fileid="9" />
                <SequencePoint vc="1" uspid="71" ordinal="2" offset="7" sl="14" sc="9" el="14" ec="10" bec="0" bev="0" fileid="9" />
              </SequencePoints>
              <BranchPoints />
              <MethodPoint xsi:type="SequencePoint" vc="1" uspid="69" ordinal="0" offset="0" sl="12" sc="9" el="12" ec="10" bec="0" bev="0" fileid="9" />
            </Method>
            <Method visited="true" cyclomaticComplexity="1" nPathComplexity="0" sequenceCoverage="100" branchCoverage="100" crapScore="1" isConstructor="false" isStatic="false" isGetter="false" isSetter="false">
              <Summary numSequencePoints="3" visitedSequencePoints="3" numBranchPoints="1" visitedBranchPoints="1" sequenceCoverage="100" branchCoverage="100" maxCyclomaticComplexity="1" minCyclomaticComplexity="1" maxCrapScore="1" minCrapScore="1" visitedClasses="0" numClasses="0" visitedMethods="1" numMethods="1" />
              <MetadataToken>100663298</MetadataToken>
              <Name>System.Int32 Sample.WiTronix.DataAccess.CaluclateDataAccess::Sub(System.Int32,System.Int32)</Name>
              <FileRef uid="9" />
              <SequencePoints>
                <SequencePoint vc="2" uspid="72" ordinal="0" offset="0" sl="17" sc="9" el="17" ec="10" bec="0" bev="0" fileid="9" />
                <SequencePoint vc="2" uspid="73" ordinal="1" offset="1" sl="18" sc="13" el="18" ec="36" bec="0" bev="0" fileid="9" />
                <SequencePoint vc="2" uspid="74" ordinal="2" offset="7" sl="19" sc="9" el="19" ec="10" bec="0" bev="0" fileid="9" />
              </SequencePoints>
              <BranchPoints />
              <MethodPoint xsi:type="SequencePoint" vc="2" uspid="72" ordinal="0" offset="0" sl="17" sc="9" el="17" ec="10" bec="0" bev="0" fileid="9" />
            </Method>
            <Method visited="false" cyclomaticComplexity="1" nPathComplexity="0" sequenceCoverage="0" branchCoverage="0" crapScore="2" isConstructor="false" isStatic="false" isGetter="false" isSetter="false">
              <Summary numSequencePoints="3" visitedSequencePoints="0" numBranchPoints="1" visitedBranchPoints="0" sequenceCoverage="0" branchCoverage="0" maxCyclomaticComplexity="1" minCyclomaticComplexity="1" maxCrapScore="2" minCrapScore="2" visitedClasses="0" numClasses="0" visitedMethods="0" numMethods="1" />
              <MetadataToken>100663299</MetadataToken>
              <Name>System.Int32 Sample.WiTronix.DataAccess.CaluclateDataAccess::Multiply(System.Int32,System.Int32)</Name>
              <FileRef uid="9" />
              <SequencePoints>
                <SequencePoint vc="0" uspid="75" ordinal="0" offset="0" sl="22" sc="9" el="22" ec="10" bec="0" bev="0" fileid="9" />
                <SequencePoint vc="0" uspid="76" ordinal="1" offset="1" sl="23" sc="13" el="23" ec="36" bec="0" bev="0" fileid="9" />
                <SequencePoint vc="0" uspid="77" ordinal="2" offset="7" sl="24" sc="9" el="24" ec="10" bec="0" bev="0" fileid="9" />
              </SequencePoints>
              <BranchPoints />
              <MethodPoint xsi:type="SequencePoint" vc="0" uspid="75" ordinal="0" offset="0" sl="22" sc="9" el="22" ec="10" bec="0" bev="0" fileid="9" />
            </Method>
            <Method visited="false" cyclomaticComplexity="1" nPathComplexity="0" sequenceCoverage="0" branchCoverage="0" crapScore="2" isConstructor="false" isStatic="false" isGetter="false" isSetter="false">
              <Summary numSequencePoints="3" visitedSequencePoints="0" numBranchPoints="1" visitedBranchPoints="0" sequenceCoverage="0" branchCoverage="0" maxCyclomaticComplexity="1" minCyclomaticComplexity="1" maxCrapScore="2" minCrapScore="2" visitedClasses="0" numClasses="0" visitedMethods="0" numMethods="1" />
              <MetadataToken>100663300</MetadataToken>
              <Name>System.Int32 Sample.WiTronix.DataAccess.CaluclateDataAccess::Div(System.Int32,System.Int32)</Name>
              <FileRef uid="9" />
              <SequencePoints>
                <SequencePoint vc="0" uspid="78" ordinal="0" offset="0" sl="27" sc="9" el="27" ec="10" bec="0" bev="0" fileid="9" />
                <SequencePoint vc="0" uspid="79" ordinal="1" offset="1" sl="28" sc="13" el="28" ec="36" bec="0" bev="0" fileid="9" />
                <SequencePoint vc="0" uspid="80" ordinal="2" offset="7" sl="29" sc="9" el="29" ec="10" bec="0" bev="0" fileid="9" />
              </SequencePoints>
              <BranchPoints />
              <MethodPoint xsi:type="SequencePoint" vc="0" uspid="78" ordinal="0" offset="0" sl="27" sc="9" el="27" ec="10" bec="0" bev="0" fileid="9" />
            </Method>
            <Method visited="false" cyclomaticComplexity="1" nPathComplexity="0" sequenceCoverage="0" branchCoverage="0" crapScore="2" isConstructor="true" isStatic="false" isGetter="false" isSetter="false">
              <Summary numSequencePoints="0" visitedSequencePoints="0" numBranchPoints="0" visitedBranchPoints="0" sequenceCoverage="0" branchCoverage="0" maxCyclomaticComplexity="1" minCyclomaticComplexity="1" maxCrapScore="2" minCrapScore="2" visitedClasses="0" numClasses="0" visitedMethods="0" numMethods="0" />
              <MetadataToken>100663301</MetadataToken>
              <Name>System.Void Sample.WiTronix.DataAccess.CaluclateDataAccess::.ctor()</Name>
              <SequencePoints />
              <BranchPoints />
              <MethodPoint vc="0" uspid="81" ordinal="0" offset="0" />
            </Method>
          </Methods>
        </Class>
      </Classes>
    </Module>
    <Module skippedDueTo="MissingPdb" hash="AF-54-9A-E2-4A-80-73-C8-D8-94-66-14-8F-99-BE-90-8C-43-09-B2">
      <ModulePath>C:\Program Files (x86)\Microsoft Visual Studio\2017\TestAgent\Common7\IDE\Extensions\TestPlatform\Microsoft.VisualStudio.TestPlatform.ObjectModel.dll</ModulePath>
      <ModuleTime>2019-07-18T12:01:09.0512471Z</ModuleTime>
      <ModuleName>Microsoft.VisualStudio.TestPlatform.ObjectModel</ModuleName>
      <Classes />
    </Module>
    <Module skippedDueTo="MissingPdb" hash="AF-54-9A-E2-4A-80-73-C8-D8-94-66-14-8F-99-BE-90-8C-43-09-B2">
      <ModulePath>C:\Program Files (x86)\Microsoft Visual Studio\2017\TestAgent\Common7\IDE\Extensions\TestPlatform\Microsoft.VisualStudio.TestPlatform.ObjectModel.dll</ModulePath>
      <ModuleTime>2019-07-18T12:01:09.0512471Z</ModuleTime>
      <ModuleName>Microsoft.VisualStudio.TestPlatform.ObjectModel</ModuleName>
      <Classes />
    </Module>
    <Module skippedDueTo="MissingPdb" hash="A3-90-07-AC-12-DE-02-9B-A0-6C-7B-AC-AD-90-A8-56-43-46-3D-73">
      <ModulePath>C:\Program Files (x86)\Microsoft Visual Studio\2017\TestAgent\Common7\IDE\Extensions\TestPlatform\Microsoft.TestPlatform.CoreUtilities.dll</ModulePath>
      <ModuleTime>2019-07-18T12:01:09.0512471Z</ModuleTime>
      <ModuleName>Microsoft.TestPlatform.CoreUtilities</ModuleName>
      <Classes />
    </Module>
    <Module skippedDueTo="MissingPdb" hash="CE-A4-16-89-7A-C5-87-8F-B1-22-C4-94-C9-41-B8-86-35-4A-47-B6">
      <ModulePath>C:\Program Files (x86)\Microsoft Visual Studio\2017\TestAgent\Common7\IDE\Extensions\TestPlatform\Microsoft.TestPlatform.PlatformAbstractions.dll</ModulePath>
      <ModuleTime>2019-07-18T12:01:09.0512471Z</ModuleTime>
      <ModuleName>Microsoft.TestPlatform.PlatformAbstractions</ModuleName>
      <Classes />
    </Module>
    <Module skippedDueTo="MissingPdb" hash="AF-54-9A-E2-4A-80-73-C8-D8-94-66-14-8F-99-BE-90-8C-43-09-B2">
      <ModulePath>C:\Program Files (x86)\Microsoft Visual Studio\2017\TestAgent\Common7\IDE\Extensions\TestPlatform\Microsoft.VisualStudio.TestPlatform.ObjectModel.dll</ModulePath>
      <ModuleTime>2019-07-18T12:01:09.0512471Z</ModuleTime>
      <ModuleName>Microsoft.VisualStudio.TestPlatform.ObjectModel</ModuleName>
      <Classes />
    </Module>
    <Module skippedDueTo="MissingPdb" hash="69-AF-C7-4C-7A-4B-C9-1F-FA-FE-21-BC-3B-9A-A0-78-60-1C-56-6A">
      <ModulePath>C:\Program Files (x86)\Microsoft Visual Studio\2017\TestAgent\Common7\IDE\Extensions\TestPlatform\Extensions\Microsoft.VisualStudio.TestPlatform.Extensions.VSTestIntegration.dll</ModulePath>
      <ModuleTime>2019-07-18T12:01:09.0512471Z</ModuleTime>
      <ModuleName>Microsoft.VisualStudio.TestPlatform.Extensions.VSTestIntegration</ModuleName>
      <Classes />
    </Module>
    <Module skippedDueTo="MissingPdb" hash="A3-90-07-AC-12-DE-02-9B-A0-6C-7B-AC-AD-90-A8-56-43-46-3D-73">
      <ModulePath>C:\Program Files (x86)\Microsoft Visual Studio\2017\TestAgent\Common7\IDE\Extensions\TestPlatform\Microsoft.TestPlatform.CoreUtilities.dll</ModulePath>
      <ModuleTime>2019-07-18T12:01:09.0512471Z</ModuleTime>
      <ModuleName>Microsoft.TestPlatform.CoreUtilities</ModuleName>
      <Classes />
    </Module>
    <Module skippedDueTo="MissingPdb" hash="9C-BD-10-0D-B6-DF-EE-2B-EB-27-DA-26-68-CD-C4-4A-48-7F-7B-09">
      <ModulePath>C:\Users\tejaswini.t\Sample.WiTronix.Web\Sample.WiTronix.DataAccess.Test\bin\Debug\Microsoft.VisualStudio.QualityTools.UnitTestFramework.dll</ModulePath>
      <ModuleTime>2019-07-17T11:29:55.0193907Z</ModuleTime>
      <ModuleName>Microsoft.VisualStudio.QualityTools.UnitTestFramework</ModuleName>
      <Classes />
    </Module>
    <Module skippedDueTo="MissingPdb" hash="AF-54-9A-E2-4A-80-73-C8-D8-94-66-14-8F-99-BE-90-8C-43-09-B2">
      <ModulePath>C:\Program Files (x86)\Microsoft Visual Studio\2017\TestAgent\Common7\IDE\Extensions\TestPlatform\Microsoft.VisualStudio.TestPlatform.ObjectModel.dll</ModulePath>
      <ModuleTime>2019-07-18T12:01:09.0512471Z</ModuleTime>
      <ModuleName>Microsoft.VisualStudio.TestPlatform.ObjectModel</ModuleName>
      <Classes />
    </Module>
    <Module skippedDueTo="MissingPdb" hash="A3-90-07-AC-12-DE-02-9B-A0-6C-7B-AC-AD-90-A8-56-43-46-3D-73">
      <ModulePath>C:\Program Files (x86)\Microsoft Visual Studio\2017\TestAgent\Common7\IDE\Extensions\TestPlatform\Microsoft.TestPlatform.CoreUtilities.dll</ModulePath>
      <ModuleTime>2019-07-18T12:01:09.0512471Z</ModuleTime>
      <ModuleName>Microsoft.TestPlatform.CoreUtilities</ModuleName>
      <Classes />
    </Module>
    <Module skippedDueTo="MissingPdb" hash="CE-A4-16-89-7A-C5-87-8F-B1-22-C4-94-C9-41-B8-86-35-4A-47-B6">
      <ModulePath>C:\Program Files (x86)\Microsoft Visual Studio\2017\TestAgent\Common7\IDE\Extensions\TestPlatform\Microsoft.TestPlatform.PlatformAbstractions.dll</ModulePath>
      <ModuleTime>2019-07-18T12:01:09.0512471Z</ModuleTime>
      <ModuleName>Microsoft.TestPlatform.PlatformAbstractions</ModuleName>
      <Classes />
    </Module>
    <Module skippedDueTo="MissingPdb" hash="AF-54-9A-E2-4A-80-73-C8-D8-94-66-14-8F-99-BE-90-8C-43-09-B2">
      <ModulePath>C:\Program Files (x86)\Microsoft Visual Studio\2017\TestAgent\Common7\IDE\Extensions\TestPlatform\Microsoft.VisualStudio.TestPlatform.ObjectModel.dll</ModulePath>
      <ModuleTime>2019-07-18T12:01:09.0512471Z</ModuleTime>
      <ModuleName>Microsoft.VisualStudio.TestPlatform.ObjectModel</ModuleName>
      <Classes />
    </Module>
    <Module skippedDueTo="MissingPdb" hash="69-AF-C7-4C-7A-4B-C9-1F-FA-FE-21-BC-3B-9A-A0-78-60-1C-56-6A">
      <ModulePath>C:\Program Files (x86)\Microsoft Visual Studio\2017\TestAgent\Common7\IDE\Extensions\TestPlatform\Extensions\Microsoft.VisualStudio.TestPlatform.Extensions.VSTestIntegration.dll</ModulePath>
      <ModuleTime>2019-07-18T12:01:09.0512471Z</ModuleTime>
      <ModuleName>Microsoft.VisualStudio.TestPlatform.Extensions.VSTestIntegration</ModuleName>
      <Classes />
    </Module>
    <Module skippedDueTo="MissingPdb" hash="9C-BD-10-0D-B6-DF-EE-2B-EB-27-DA-26-68-CD-C4-4A-48-7F-7B-09">
      <ModulePath>C:\Users\tejaswini.t\Sample.WiTronix.Web\Sample.WiTronix.DataAccess.Test\bin\Debug\Microsoft.VisualStudio.QualityTools.UnitTestFramework.dll</ModulePath>
      <ModuleTime>2019-07-17T11:29:55.0193907Z</ModuleTime>
      <ModuleName>Microsoft.VisualStudio.QualityTools.UnitTestFramework</ModuleName>
      <Classes />
    </Module>
    <Module skippedDueTo="MissingPdb" hash="A3-90-07-AC-12-DE-02-9B-A0-6C-7B-AC-AD-90-A8-56-43-46-3D-73">
      <ModulePath>C:\Program Files (x86)\Microsoft Visual Studio\2017\TestAgent\Common7\IDE\Extensions\TestPlatform\Microsoft.TestPlatform.CoreUtilities.dll</ModulePath>
      <ModuleTime>2019-07-18T12:01:09.0512471Z</ModuleTime>
      <ModuleName>Microsoft.TestPlatform.CoreUtilities</ModuleName>
      <Classes />
    </Module>
  </Modules>
</CoverageSession>